D:\Repos\Simple-Replicated-Database>go run .
2022-04-15 08:32:22.2326368 +0530 IST m=+0.002188601 created node leader with sync time in -1 ms
2022-04-15 08:32:22.233151 +0530 IST m=+0.002702801 created node follower-1 with sync time in 5 ms
2022-04-15 08:32:22.2336677 +0530 IST m=+0.003219501 created node follower-2 with sync time in 10 ms
2022-04-15 08:32:22.2336677 +0530 IST m=+0.003219501 created node follower-3 with sync time in 15 ms
2022-04-15 08:32:22.2437866 +0530 IST m=+0.013338401 GET abc responded by follower-3 didn't contain key.
2022-04-15 08:32:22.2589683 +0530 IST m=+0.028520101 GET abc responded by follower-1 didn't contain key.
2022-04-15 08:32:22.2589683 +0530 IST m=+0.028520101 leader incList appended by key: abc value: 47 createdOn: 0
2022-04-15 08:32:22.2742895 +0530 IST m=+0.043841301 GET abc responded by follower-3 didn't contain key.
2022-04-15 08:32:22.2742895 +0530 IST m=+0.043841301 leader incList appended by key: abc value: 81 createdOn: 1
2022-04-15 08:32:22.2742895 +0530 IST m=+0.043841301 follower-3 got state query response from leader as &{[0xc000208060]}
2022-04-15 08:32:22.2742895 +0530 IST m=+0.043841301 follower-1 got state query response from leader as &{[0xc000208060]}
2022-04-15 08:32:22.2750124 +0530 IST m=+0.044564201 follower-1 updated store for key: abc as value: 128 createdOn: 1
2022-04-15 08:32:22.2750124 +0530 IST m=+0.044564201 follower-3 updated store for key: abc as value: 128 createdOn: 1
2022-04-15 08:32:22.2750124 +0530 IST m=+0.044564201 follower-2 got state query response from leader as &{[0xc000208060 0xc000088018]}
2022-04-15 08:32:22.2756832 +0530 IST m=+0.045235001 follower-2 updated store for key: abc as value: 128 createdOn: 1
2022-04-15 08:32:22.2757737 +0530 IST m=+0.045325501 follower-2 updated store for key: abc as value: 209 createdOn: 1
2022-04-15 08:32:22.2903775 +0530 IST m=+0.059929301 follower-3 got state query response from leader as &{[0xc000088018]}
2022-04-15 08:32:22.2914131 +0530 IST m=+0.060964901 follower-3 updated store for key: abc as value: 315 createdOn: 1
2022-04-15 08:32:22.2903775 +0530 IST m=+0.059929301 leader incList appended by key: abc value: 25 createdOn: 2
2022-04-15 08:32:22.2903775 +0530 IST m=+0.059929301 GET abc responded by follower-1 val: 209 createdOn: 1
2022-04-15 08:32:22.2917223 +0530 IST m=+0.061274101 follower-1 got state query response from leader as &{[0xc000088018 0xc000004168]}
2022-04-15 08:32:22.2917223 +0530 IST m=+0.061274101 follower-1 updated store for key: abc as value: 396 createdOn: 1
2022-04-15 08:32:22.2922696 +0530 IST m=+0.061821401 follower-1 updated store for key: abc as value: 421 createdOn: 2
2022-04-15 08:32:22.2917223 +0530 IST m=+0.061274101 follower-2 got state query response from leader as &{[0xc000004168]}
2022-04-15 08:32:22.2922696 +0530 IST m=+0.061821401 follower-2 updated store for key: abc as value: 446 createdOn: 2
2022-04-15 08:32:22.3053932 +0530 IST m=+0.074945001 leader incList appended by key: abc value: 56 createdOn: 3
2022-04-15 08:32:22.3053932 +0530 IST m=+0.074945001 GET abc responded by follower-3 val: 446 createdOn: 2
2022-04-15 08:32:22.3073113 +0530 IST m=+0.076863101 follower-3 got state query response from leader as &{[0xc000004168 0xc00018c108]}
2022-04-15 08:32:22.3074305 +0530 IST m=+0.076982301 follower-3 updated store for key: abc as value: 527 createdOn: 2
2022-04-15 08:32:22.3074305 +0530 IST m=+0.076982301 follower-3 updated store for key: abc as value: 583 createdOn: 3
2022-04-15 08:32:22.3209182 +0530 IST m=+0.090470001 GET abc responded by follower-1 val: 583 createdOn: 3
2022-04-15 08:32:22.3209182 +0530 IST m=+0.090470001 follower-2 got state query response from leader as &{[0xc00018c108]}
2022-04-15 08:32:22.3227581 +0530 IST m=+0.092309901 follower-2 updated store for key: abc as value: 733 createdOn: 3
2022-04-15 08:32:22.3209182 +0530 IST m=+0.090470001 leader incList appended by key: abc value: 94 createdOn: 4
2022-04-15 08:32:22.3232931 +0530 IST m=+0.092844901 follower-3 got state query response from leader as &{[0xc00018c168]}
2022-04-15 08:32:22.3232931 +0530 IST m=+0.092844901 follower-3 updated store for key: abc as value: 827 createdOn: 4
2022-04-15 08:32:22.3232931 +0530 IST m=+0.092844901 follower-1 got state query response from leader as &{[0xc00018c108 0xc00018c168]}
2022-04-15 08:32:22.3238281 +0530 IST m=+0.093379901 follower-1 updated store for key: abc as value: 883 createdOn: 3
2022-04-15 08:32:22.3238281 +0530 IST m=+0.093379901 follower-1 updated store for key: abc as value: 977 createdOn: 4
2022-04-15 08:32:22.3366319 +0530 IST m=+0.106183701 follower-2 got state query response from leader as &{[0xc00018c168]}
2022-04-15 08:32:22.3399257 +0530 IST m=+0.109477501 follower-2 updated store for key: abc as value: 1133 createdOn: 4
2022-04-15 08:32:22.3374002 +0530 IST m=+0.106952001 leader incList appended by key: abc value: 62 createdOn: 5
2022-04-15 08:32:22.3374002 +0530 IST m=+0.106952001 GET abc responded by follower-2 val: 977 createdOn: 4
2022-04-15 08:32:22.3404561 +0530 IST m=+0.110007901 follower-3 got state query response from leader as &{[0xc000304060]}
2022-04-15 08:32:22.3423172 +0530 IST m=+0.111869001 follower-3 updated store for key: abc as value: 1195 createdOn: 5
2022-04-15 08:32:22.3445873 +0530 IST m=+0.114139101 follower-1 got state query response from leader as &{[0xc000304060]}
2022-04-15 08:32:22.3456781 +0530 IST m=+0.115229901 follower-1 updated store for key: abc as value: 1257 createdOn: 5
2022-04-15 08:32:22.3520469 +0530 IST m=+0.121598701 GET abc responded by follower-3 val: 1257 createdOn: 5
2022-04-15 08:32:22.3520469 +0530 IST m=+0.121598701 follower-2 got state query response from leader as &{[0xc000304060]}
2022-04-15 08:32:22.3615999 +0530 IST m=+0.131151701 follower-2 updated store for key: abc as value: 1347 createdOn: 5
2022-04-15 08:32:22.3596449 +0530 IST m=+0.129196701 leader incList appended by key: abc value: 28 createdOn: 6
2022-04-15 08:32:22.369932 +0530 IST m=+0.139483801 GET abc responded by follower-3 val: 1347 createdOn: 5
2022-04-15 08:32:22.370447 +0530 IST m=+0.139998801 follower-1 got state query response from leader as &{[0xc0002082b8]}
2022-04-15 08:32:22.3761841 +0530 IST m=+0.145735901 follower-1 updated store for key: abc as value: 1375 createdOn: 6
2022-04-15 08:32:22.3761841 +0530 IST m=+0.145735901 leader incList appended by key: abc value: 11 createdOn: 7
2022-04-15 08:32:22.3761841 +0530 IST m=+0.145735901 follower-3 got state query response from leader as &{[0xc0002082b8]}
2022-04-15 08:32:22.3842479 +0530 IST m=+0.153799701 follower-3 updated store for key: abc as value: 1414 createdOn: 6
2022-04-15 08:32:22.3962158 +0530 IST m=+0.165767601 leader incList appended by key: abc value: 45 createdOn: 8
2022-04-15 08:32:22.3972116 +0530 IST m=+0.166763401 follower-1 got state query response from leader as &{[0xc000208300 0xc000208348]}
2022-04-15 08:32:22.3995465 +0530 IST m=+0.169098301 follower-1 updated store for key: abc as value: 1470 createdOn: 7
2022-04-15 08:32:22.4052309 +0530 IST m=+0.174782701 follower-1 updated store for key: abc as value: 1515 createdOn: 8
2022-04-15 08:32:22.3962158 +0530 IST m=+0.165767601 GET abc responded by follower-3 val: 1459 createdOn: 8
2022-04-15 08:32:22.382305 +0530 IST m=+0.151856801 follower-2 got state query response from leader as &{[0xc0002082b8 0xc000208300]}
2022-04-15 08:32:22.4123239 +0530 IST m=+0.181875701 follower-2 updated store for key: abc as value: 1549 createdOn: 6
2022-04-15 08:32:22.4184639 +0530 IST m=+0.188015701 follower-2 updated store for key: abc as value: 1560 createdOn: 7
2022-04-15 08:32:22.4269579 +0530 IST m=+0.196509701 GET abc responded by follower-3 val: 1560 createdOn: 7
2022-04-15 08:32:22.4117696 +0530 IST m=+0.181321401 leader incList appended by key: abc value: 6 createdOn: 9
2022-04-15 08:32:22.4286661 +0530 IST m=+0.198217901 leader incList appended by key: abc value: 66 createdOn: 10
2022-04-15 08:32:22.4292239 +0530 IST m=+0.198775701 follower-1 got state query response from leader as &{[0xc0002083c0 0xc000304180]}
2022-04-15 08:32:22.4335078 +0530 IST m=+0.203059601 follower-1 updated store for key: abc as value: 1632 createdOn: 9
2022-04-15 08:32:22.4340257 +0530 IST m=+0.203577501 follower-1 updated store for key: abc as value: 1698 createdOn: 10
2022-04-15 08:32:22.4292239 +0530 IST m=+0.198775701 follower-3 got state query response from leader as &{[0xc000208300 0xc000208348]}
2022-04-15 08:32:22.4394578 +0530 IST m=+0.209009601 follower-3 updated store for key: abc as value: 1709 createdOn: 7
2022-04-15 08:32:22.4399711 +0530 IST m=+0.209522901 follower-3 updated store for key: abc as value: 1754 createdOn: 8
2022-04-15 08:32:22.4442465 +0530 IST m=+0.213798301 follower-2 got state query response from leader as &{[0xc000208348 0xc0002083c0]}
2022-04-15 08:32:22.4531342 +0530 IST m=+0.222686001 follower-2 updated store for key: abc as value: 1857 createdOn: 8
2022-04-15 08:32:22.4531915 +0530 IST m=+0.222743301 follower-2 updated store for key: abc as value: 1863 createdOn: 9
2022-04-15 08:32:22.4442465 +0530 IST m=+0.213798301 leader incList appended by key: abc value: 58 createdOn: 11
2022-04-15 08:32:22.4673601 +0530 IST m=+0.236911901 leader incList appended by key: abc value: 47 createdOn: 12
2022-04-15 08:32:22.4455334 +0530 IST m=+0.215085201 GET abc responded by follower-3 val: 1812 createdOn: 11
2022-04-15 08:32:22.4739204 +0530 IST m=+0.243472201 follower-3 got state query response from leader as &{[0xc0002083c0 0xc000304180]}
2022-04-15 08:32:22.4739204 +0530 IST m=+0.243472201 follower-2 got state query response from leader as &{[0xc000304180 0xc000208450]}
2022-04-15 08:32:22.4897089 +0530 IST m=+0.259260701 follower-2 updated store for key: abc as value: 2069 createdOn: 10
2022-04-15 08:32:22.4908047 +0530 IST m=+0.260356501 follower-2 updated store for key: abc as value: 2127 createdOn: 11
2022-04-15 08:32:22.4884239 +0530 IST m=+0.257975701 GET abc responded by follower-2 val: 1916 createdOn: 9
2022-04-15 08:32:22.4884239 +0530 IST m=+0.257975701 leader incList appended by key: abc value: 87 createdOn: 13
2022-04-15 08:32:22.4739204 +0530 IST m=+0.243472201 follower-1 got state query response from leader as &{[0xc000208450 0xc000208498]}
2022-04-15 08:32:22.5072595 +0530 IST m=+0.276811301 follower-1 updated store for key: abc as value: 2273 createdOn: 11
2022-04-15 08:32:22.5196326 +0530 IST m=+0.289184401 follower-1 updated store for key: abc as value: 2320 createdOn: 12
2022-04-15 08:32:22.5056404 +0530 IST m=+0.275192201 follower-2 got state query response from leader as &{[0xc000208498 0xc0003042b8]}
2022-04-15 08:32:22.5280687 +0530 IST m=+0.297620501 follower-2 updated store for key: abc as value: 2367 createdOn: 12
2022-04-15 08:32:22.5291081 +0530 IST m=+0.298659901 follower-2 updated store for key: abc as value: 2454 createdOn: 13
2022-04-15 08:32:22.5207264 +0530 IST m=+0.290278201 GET abc responded by follower-1 val: 2320 createdOn: 12
2022-04-15 08:32:22.4884239 +0530 IST m=+0.257975701 follower-3 updated store for key: abc as value: 1916 createdOn: 9
2022-04-15 08:32:22.55094 +0530 IST m=+0.320491801 follower-3 updated store for key: abc as value: 2520 createdOn: 10
2022-04-15 08:32:22.55094 +0530 IST m=+0.320491801 GET abc responded by follower-2 val: 2520 createdOn: 10
2022-04-15 08:32:22.5056404 +0530 IST m=+0.275192201 leader incList appended by key: abc value: 88 createdOn: 14
2022-04-15 08:32:22.5743537 +0530 IST m=+0.343905501 leader incList appended by key: abc value: 15 createdOn: 15
2022-04-15 08:32:22.5748822 +0530 IST m=+0.344434001 follower-2 got state query response from leader as &{[0xc0000881f8 0xc0002084b0]}
2022-04-15 08:32:22.5743537 +0530 IST m=+0.343905501 GET abc responded by follower-1 val: 2520 createdOn: 10
2022-04-15 08:32:22.5748822 +0530 IST m=+0.344434001 follower-1 got state query response from leader as &{[0xc0003042b8 0xc0000881f8]}
2022-04-15 08:32:22.5799751 +0530 IST m=+0.349526901 follower-1 updated store for key: abc as value: 2710 createdOn: 13
2022-04-15 08:32:22.5799751 +0530 IST m=+0.349526901 follower-1 updated store for key: abc as value: 2798 createdOn: 14
2022-04-15 08:32:22.5748822 +0530 IST m=+0.344434001 follower-3 got state query response from leader as &{[0xc000208450 0xc000208498]}
2022-04-15 08:32:22.6013444 +0530 IST m=+0.370896201 follower-3 updated store for key: abc as value: 2887 createdOn: 11
2022-04-15 08:32:22.6026902 +0530 IST m=+0.372242001 follower-3 updated store for key: abc as value: 2934 createdOn: 12
2022-04-15 08:32:22.5982152 +0530 IST m=+0.367767001 follower-1 got state query response from leader as &{[0xc0002084b0]}
2022-04-15 08:32:22.6050281 +0530 IST m=+0.374579901 follower-1 updated store for key: abc as value: 2949 createdOn: 15
2022-04-15 08:32:22.5774584 +0530 IST m=+0.347010201 follower-2 updated store for key: abc as value: 2623 createdOn: 14
2022-04-15 08:32:22.5982152 +0530 IST m=+0.367767001 GET abc responded by follower-3 val: 2798 createdOn: 14
2022-04-15 08:32:22.5982152 +0530 IST m=+0.367767001 leader incList appended by key: abc value: 31 createdOn: 16
2022-04-15 08:32:22.6151285 +0530 IST m=+0.384680301 leader incList appended by key: abc value: 29 createdOn: 17
2022-04-15 08:32:22.6117718 +0530 IST m=+0.381323601 follower-2 updated store for key: abc as value: 2964 createdOn: 15
2022-04-15 08:32:22.6225957 +0530 IST m=+0.392147501 follower-1 got state query response from leader as &{[0xc00018c528 0xc000088318]}
2022-04-15 08:32:22.6225957 +0530 IST m=+0.392147501 follower-3 got state query response from leader as &{[0xc0003042b8 0xc0000881f8]}
2022-04-15 08:32:22.6239359 +0530 IST m=+0.393487701 follower-1 updated store for key: abc as value: 3024 createdOn: 16
2022-04-15 08:32:22.624994 +0530 IST m=+0.394545801 follower-1 updated store for key: abc as value: 3140 createdOn: 17
2022-04-15 08:32:22.624994 +0530 IST m=+0.394545801 follower-3 updated store for key: abc as value: 3111 createdOn: 13
2022-04-15 08:32:22.6255048 +0530 IST m=+0.395056601 follower-3 updated store for key: abc as value: 3228 createdOn: 14
2022-04-15 08:32:22.6260486 +0530 IST m=+0.395600401 GET abc responded by follower-3 val: 3228 createdOn: 14
2022-04-15 08:32:22.6443964 +0530 IST m=+0.413948201 follower-3 got state query response from leader as &{[0xc0002084b0 0xc00018c528]}
2022-04-15 08:32:22.6443964 +0530 IST m=+0.413948201 follower-3 updated store for key: abc as value: 3274 createdOn: 15
2022-04-15 08:32:22.6579301 +0530 IST m=+0.427481901 follower-3 updated store for key: abc as value: 3305 createdOn: 16
2022-04-15 08:32:22.6443964 +0530 IST m=+0.413948201 GET abc responded by follower-1 val: 3228 createdOn: 14
2022-04-15 08:32:22.6443964 +0530 IST m=+0.413948201 follower-2 got state query response from leader as &{[0xc00018c528 0xc000088318]}
2022-04-15 08:32:22.6626123 +0530 IST m=+0.432164101 follower-2 updated store for key: abc as value: 3336 createdOn: 16
2022-04-15 08:32:22.6443964 +0530 IST m=+0.413948201 leader incList appended by key: abc value: 31 createdOn: 18
2022-04-15 08:32:22.675219 +0530 IST m=+0.444770801 GET abc responded by follower-1 val: 3336 createdOn: 16
2022-04-15 08:32:22.6763713 +0530 IST m=+0.445923101 follower-2 updated store for key: abc as value: 3365 createdOn: 17
2022-04-15 08:32:22.6796148 +0530 IST m=+0.449166601 leader incList appended by key: abc value: 85 createdOn: 19
2022-04-15 08:32:22.689727 +0530 IST m=+0.459278801 follower-3 got state query response from leader as &{[0xc000088318 0xc00018c600]}
2022-04-15 08:32:22.6897358 +0530 IST m=+0.459287601 follower-1 got state query response from leader as &{[0xc00018c600 0xc00018c630]}
2022-04-15 08:32:22.6987359 +0530 IST m=+0.468287701 follower-1 updated store for key: abc as value: 3510 createdOn: 18
2022-04-15 08:32:22.6988214 +0530 IST m=+0.468373201 follower-1 updated store for key: abc as value: 3608 createdOn: 19
2022-04-15 08:32:22.6988214 +0530 IST m=+0.468373201 leader incList appended by key: abc value: 13 createdOn: 20
2022-04-15 08:32:22.6933033 +0530 IST m=+0.462855101 follower-3 updated store for key: abc as value: 3479 createdOn: 17
2022-04-15 08:32:22.700161 +0530 IST m=+0.469712801 follower-3 updated store for key: abc as value: 3639 createdOn: 18
2022-04-15 08:32:22.700161 +0530 IST m=+0.469712801 follower-2 got state query response from leader as &{[0xc00018c600 0xc00018c630]}
2022-04-15 08:32:22.7006692 +0530 IST m=+0.470221001 follower-2 updated store for key: abc as value: 3670 createdOn: 18
2022-04-15 08:32:22.7006692 +0530 IST m=+0.470221001 follower-2 updated store for key: abc as value: 3755 createdOn: 19
2022-04-15 08:32:22.6994626 +0530 IST m=+0.469014401 GET abc responded by follower-2 val: 3608 createdOn: 19
2022-04-15 08:32:22.7062447 +0530 IST m=+0.475796501 follower-1 got state query response from leader as &{[0xc0002085d0]}
2022-04-15 08:32:22.7093897 +0530 IST m=+0.478941501 follower-1 updated store for key: abc as value: 3768 createdOn: 20
2022-04-15 08:32:22.7221591 +0530 IST m=+0.491710901 follower-2 got state query response from leader as &{[0xc0002085d0]}
2022-04-15 08:32:22.7242204 +0530 IST m=+0.493772201 follower-2 updated store for key: abc as value: 3844 createdOn: 20
2022-04-15 08:32:22.7221591 +0530 IST m=+0.491710901 leader incList appended by key: abc value: 63 createdOn: 21
2022-04-15 08:32:22.7259415 +0530 IST m=+0.495493301 follower-1 got state query response from leader as &{[0xc0002086c0]}
2022-04-15 08:32:22.726453 +0530 IST m=+0.496004801 follower-1 updated store for key: abc as value: 3907 createdOn: 21
2022-04-15 08:32:22.7221591 +0530 IST m=+0.491710901 follower-3 got state query response from leader as &{[0xc00018c630 0xc0002085d0]}
2022-04-15 08:32:22.7274868 +0530 IST m=+0.497038601 follower-3 updated store for key: abc as value: 3992 createdOn: 19
2022-04-15 08:32:22.7280028 +0530 IST m=+0.497554601 follower-3 updated store for key: abc as value: 4005 createdOn: 20
2022-04-15 08:32:22.7221591 +0530 IST m=+0.491710901 GET abc responded by follower-2 val: 3768 createdOn: 20
2022-04-15 08:32:22.7380842 +0530 IST m=+0.507636001 follower-2 got state query response from leader as &{[0xc0002086c0]}
2022-04-15 08:32:22.7413126 +0530 IST m=+0.510864401 follower-2 updated store for key: abc as value: 4101 createdOn: 21
2022-04-15 08:32:22.7413126 +0530 IST m=+0.510864401 GET abc responded by follower-1 val: 4101 createdOn: 21
2022-04-15 08:32:22.7380842 +0530 IST m=+0.507636001 leader incList appended by key: abc value: 33 createdOn: 22
2022-04-15 08:32:22.742411 +0530 IST m=+0.511962801 follower-1 got state query response from leader as &{[0xc000208720]}
2022-04-15 08:32:22.7435258 +0530 IST m=+0.513077601 follower-1 updated store for key: abc as value: 4134 createdOn: 22
2022-04-15 08:32:22.7435258 +0530 IST m=+0.513077601 follower-3 got state query response from leader as &{[0xc0002086c0 0xc000208720]}
2022-04-15 08:32:22.7440391 +0530 IST m=+0.513590901 follower-3 updated store for key: abc as value: 4197 createdOn: 21
2022-04-15 08:32:22.7445466 +0530 IST m=+0.514098401 follower-3 updated store for key: abc as value: 4230 createdOn: 22
2022-04-15 08:32:22.7538294 +0530 IST m=+0.523381201 GET abc responded by follower-2 val: 4230 createdOn: 22
2022-04-15 08:32:22.7538294 +0530 IST m=+0.523381201 follower-2 got state query response from leader as &{[0xc000208720]}
2022-04-15 08:32:22.7570715 +0530 IST m=+0.526623301 follower-2 updated store for key: abc as value: 4287 createdOn: 22
2022-04-15 08:32:22.7538294 +0530 IST m=+0.523381201 leader incList appended by key: abc value: 24 createdOn: 23
2022-04-15 08:32:22.7698256 +0530 IST m=+0.539377401 follower-2 got state query response from leader as &{[0xc00018c828]}
2022-04-15 08:32:22.7718963 +0530 IST m=+0.541448101 follower-2 updated store for key: abc as value: 4370 createdOn: 23
2022-04-15 08:32:22.7698256 +0530 IST m=+0.539377401 GET abc responded by follower-1 val: 4346 createdOn: 24
2022-04-15 08:32:22.7698256 +0530 IST m=+0.539377401 leader incList appended by key: abc value: 59 createdOn: 24
2022-04-15 08:32:22.7734519 +0530 IST m=+0.543003701 follower-3 got state query response from leader as &{[0xc00018c828 0xc00018c858]}
2022-04-15 08:32:22.774117 +0530 IST m=+0.543668801 follower-3 updated store for key: abc as value: 4394 createdOn: 23
2022-04-15 08:32:22.77466 +0530 IST m=+0.544211801 follower-3 updated store for key: abc as value: 4453 createdOn: 24
2022-04-15 08:32:22.7734519 +0530 IST m=+0.543003701 follower-1 got state query response from leader as &{[0xc00018c828 0xc00018c858]}
2022-04-15 08:32:22.7751754 +0530 IST m=+0.544727201 follower-1 updated store for key: abc as value: 4477 createdOn: 23
2022-04-15 08:32:22.7751754 +0530 IST m=+0.544727201 follower-1 updated store for key: abc as value: 4536 createdOn: 24
2022-04-15 08:32:22.7850368 +0530 IST m=+0.554588601 GET abc responded by follower-1 val: 4536 createdOn: 24
2022-04-15 08:32:22.7850368 +0530 IST m=+0.554588601 leader incList appended by key: abc value: 21 createdOn: 25
2022-04-15 08:32:22.7884227 +0530 IST m=+0.557974501 follower-2 got state query response from leader as &{[0xc00018c858 0xc00018c8a0]}
2022-04-15 08:32:22.7889503 +0530 IST m=+0.558502101 follower-2 updated store for key: abc as value: 4616 createdOn: 24
2022-04-15 08:32:22.7894692 +0530 IST m=+0.559021001 follower-2 updated store for key: abc as value: 4637 createdOn: 25
2022-04-15 08:32:22.7889503 +0530 IST m=+0.558502101 follower-1 got state query response from leader as &{[0xc00018c8a0]}
2022-04-15 08:32:22.7905345 +0530 IST m=+0.560086301 follower-1 updated store for key: abc as value: 4658 createdOn: 25
2022-04-15 08:32:22.7910495 +0530 IST m=+0.560601301 follower-3 got state query response from leader as &{[0xc00018c8a0]}
2022-04-15 08:32:22.7915691 +0530 IST m=+0.561120901 follower-3 updated store for key: abc as value: 4679 createdOn: 25
2022-04-15 08:32:22.8000103 +0530 IST m=+0.569562101 GET abc responded by follower-1 val: 4679 createdOn: 25
2022-04-15 08:32:22.8030266 +0530 IST m=+0.572578401 leader incList appended by key: abc value: 99 createdOn: 26
2022-04-15 08:32:22.8153123 +0530 IST m=+0.584864101 GET abc responded by follower-2 val: 4778 createdOn: 26
2022-04-15 08:32:22.8155436 +0530 IST m=+0.585095401 follower-2 got state query response from leader as &{[0xc00018c900]}
2022-04-15 08:32:22.8185825 +0530 IST m=+0.588134301 follower-2 updated store for key: abc as value: 4882 createdOn: 26
2022-04-15 08:32:22.8155436 +0530 IST m=+0.585095401 follower-3 got state query response from leader as &{[0xc00018c900]}
2022-04-15 08:32:22.8197688 +0530 IST m=+0.589320601 follower-3 updated store for key: abc as value: 4981 createdOn: 26
2022-04-15 08:32:22.8155436 +0530 IST m=+0.585095401 follower-1 got state query response from leader as &{[0xc00018c900]}
2022-04-15 08:32:22.821424 +0530 IST m=+0.590975801 follower-1 updated store for key: abc as value: 5080 createdOn: 26
2022-04-15 08:32:22.818065 +0530 IST m=+0.587616801 leader incList appended by key: abc value: 5 createdOn: 27
2022-04-15 08:32:22.8310197 +0530 IST m=+0.600571501 follower-2 got state query response from leader as &{[0xc000304720]}
2022-04-15 08:32:22.8340598 +0530 IST m=+0.603611601 follower-2 updated store for key: abc as value: 5085 createdOn: 27
2022-04-15 08:32:22.8310197 +0530 IST m=+0.600571501 GET abc responded by follower-3 val: 5080 createdOn: 26
2022-04-15 08:32:22.8310197 +0530 IST m=+0.600571501 follower-1 got state query response from leader as &{[0xc000304720]}
2022-04-15 08:32:22.8356516 +0530 IST m=+0.605203401 follower-1 updated store for key: abc as value: 5128 createdOn: 27
2022-04-15 08:32:22.8340598 +0530 IST m=+0.603611601 leader incList appended by key: abc value: 38 createdOn: 28
2022-04-15 08:32:22.8366787 +0530 IST m=+0.606230501 follower-3 got state query response from leader as &{[0xc000304720 0xc000208900]}
2022-04-15 08:32:22.8366787 +0530 IST m=+0.606230501 follower-3 updated store for key: abc as value: 5133 createdOn: 27
2022-04-15 08:32:22.8371876 +0530 IST m=+0.606739401 follower-3 updated store for key: abc as value: 5171 createdOn: 28
2022-04-15 08:32:22.8467799 +0530 IST m=+0.616331701 GET abc responded by follower-2 val: 5171 createdOn: 28
2022-04-15 08:32:22.8468876 +0530 IST m=+0.616439401 follower-1 got state query response from leader as &{[0xc000208900]}
2022-04-15 08:32:22.8501118 +0530 IST m=+0.619663601 follower-1 updated store for key: abc as value: 5264 createdOn: 28
2022-04-15 08:32:22.8495651 +0530 IST m=+0.619116901 leader incList appended by key: abc value: 55 createdOn: 29
2022-04-15 08:32:22.8468876 +0530 IST m=+0.616439401 follower-2 got state query response from leader as &{[0xc000208900]}
2022-04-15 08:32:22.8516655 +0530 IST m=+0.621217301 follower-2 updated store for key: abc as value: 5302 createdOn: 28
2022-04-15 08:32:22.8620645 +0530 IST m=+0.631616301 GET abc responded by follower-3 val: 5302 createdOn: 28
2022-04-15 08:32:22.8646213 +0530 IST m=+0.634173101 follower-2 got state query response from leader as &{[0xc000304810]}
2022-04-15 08:32:22.865191 +0530 IST m=+0.634742801 follower-2 updated store for key: abc as value: 5367 createdOn: 29
2022-04-15 08:32:22.8620645 +0530 IST m=+0.631616301 follower-3 got state query response from leader as &{[0xc000304810]}
2022-04-15 08:32:22.8662531 +0530 IST m=+0.635804901 follower-3 updated store for key: abc as value: 5422 createdOn: 29
2022-04-15 08:32:22.8620645 +0530 IST m=+0.631616301 follower-1 got state query response from leader as &{[0xc000304810]}
2022-04-15 08:32:22.8667678 +0530 IST m=+0.636319601 follower-1 updated store for key: abc as value: 5477 createdOn: 29
2022-04-15 08:32:22.8646213 +0530 IST m=+0.634173101 leader incList appended by key: abc value: 10 createdOn: 30
2022-04-15 08:32:22.8775181 +0530 IST m=+0.647069901 follower-2 got state query response from leader as &{[0xc000208978]}
2022-04-15 08:32:22.8805116 +0530 IST m=+0.650063401 follower-2 updated store for key: abc as value: 5487 createdOn: 30
2022-04-15 08:32:22.8775181 +0530 IST m=+0.647069901 follower-1 got state query response from leader as &{[0xc000208978]}
2022-04-15 08:32:22.8816161 +0530 IST m=+0.651167901 follower-1 updated store for key: abc as value: 5553 createdOn: 30
2022-04-15 08:32:22.8805116 +0530 IST m=+0.650063401 leader incList appended by key: abc value: 56 createdOn: 31
2022-04-15 08:32:22.8821661 +0530 IST m=+0.651717901 follower-3 got state query response from leader as &{[0xc000208978 0xc00018cba0]}
2022-04-15 08:32:22.8833774 +0530 IST m=+0.652929201 follower-3 updated store for key: abc as value: 5563 createdOn: 30
2022-04-15 08:32:22.8838922 +0530 IST m=+0.653444001 follower-3 updated store for key: abc as value: 5619 createdOn: 31
2022-04-15 08:32:22.8775181 +0530 IST m=+0.647069901 GET abc responded by follower-1 val: 5477 createdOn: 29
2022-04-15 08:32:22.8933057 +0530 IST m=+0.662857501 follower-1 got state query response from leader as &{[0xc00018cba0]}
2022-04-15 08:32:22.8968 +0530 IST m=+0.666351801 follower-1 updated store for key: abc as value: 5675 createdOn: 31
2022-04-15 08:32:22.8968 +0530 IST m=+0.666351801 GET abc responded by follower-3 val: 5741 createdOn: 32
2022-04-15 08:32:22.8933057 +0530 IST m=+0.662857501 follower-2 got state query response from leader as &{[0xc00018cba0]}
2022-04-15 08:32:22.8988966 +0530 IST m=+0.668448401 follower-2 updated store for key: abc as value: 5797 createdOn: 31
2022-04-15 08:32:22.8968 +0530 IST m=+0.666351801 leader incList appended by key: abc value: 66 createdOn: 32
2022-04-15 08:32:22.8996241 +0530 IST m=+0.669175901 follower-3 got state query response from leader as &{[0xc0003048a0]}
2022-04-15 08:32:22.9001884 +0530 IST m=+0.669740201 follower-3 updated store for key: abc as value: 5863 createdOn: 32
2022-04-15 08:32:22.9087523 +0530 IST m=+0.678304101 GET abc responded by follower-3 val: 5863 createdOn: 32
2022-04-15 08:32:22.9088273 +0530 IST m=+0.678379101 follower-1 got state query response from leader as &{[0xc0003048a0]}
2022-04-15 08:32:22.9123652 +0530 IST m=+0.681917001 follower-1 updated store for key: abc as value: 5929 createdOn: 32
2022-04-15 08:32:22.9123652 +0530 IST m=+0.681917001 leader incList appended by key: abc value: 2 createdOn: 33
2022-04-15 08:32:22.9113368 +0530 IST m=+0.680888601 follower-2 got state query response from leader as &{[0xc0003048a0]}
2022-04-15 08:32:22.9139698 +0530 IST m=+0.683521601 follower-2 updated store for key: abc as value: 5997 createdOn: 32
2022-04-15 08:32:22.9234683 +0530 IST m=+0.693020101 GET abc responded by follower-3 val: 5997 createdOn: 32
2022-04-15 08:32:22.9286476 +0530 IST m=+0.698199401 follower-2 got state query response from leader as &{[0xc000208b58]}
2022-04-15 08:32:22.9292197 +0530 IST m=+0.698771501 follower-2 updated store for key: abc as value: 6045 createdOn: 33
2022-04-15 08:32:22.9234683 +0530 IST m=+0.693020101 follower-3 got state query response from leader as &{[0xc000208b58]}
2022-04-15 08:32:22.9302617 +0530 IST m=+0.699813501 follower-3 updated store for key: abc as value: 6047 createdOn: 33
2022-04-15 08:32:22.9234683 +0530 IST m=+0.693020101 follower-1 got state query response from leader as &{[0xc000208b58]}
2022-04-15 08:32:22.9313234 +0530 IST m=+0.700875201 follower-1 updated store for key: abc as value: 6049 createdOn: 33
2022-04-15 08:32:22.9286476 +0530 IST m=+0.698199401 leader incList appended by key: abc value: 46 createdOn: 34
2022-04-15 08:32:22.9389644 +0530 IST m=+0.708516201 GET abc responded by follower-2 val: 6049 createdOn: 33
2022-04-15 08:32:22.9389644 +0530 IST m=+0.708516201 follower-1 got state query response from leader as &{[0xc000208bd0]}
2022-04-15 08:32:22.942559 +0530 IST m=+0.712110801 follower-1 updated store for key: abc as value: 6095 createdOn: 34
2022-04-15 08:32:22.9419783 +0530 IST m=+0.711530101 follower-2 got state query response from leader as &{[0xc000208bd0]}
2022-04-15 08:32:22.943103 +0530 IST m=+0.712654801 follower-2 updated store for key: abc as value: 6141 createdOn: 34
2022-04-15 08:32:22.9542168 +0530 IST m=+0.723768601 GET abc responded by follower-1 val: 6141 createdOn: 34
2022-04-15 08:32:22.9543474 +0530 IST m=+0.723899201 leader incList appended by key: abc value: 2 createdOn: 35
2022-04-15 08:32:22.957482 +0530 IST m=+0.727033801 follower-3 got state query response from leader as &{[0xc000208bd0 0xc000208c90]}
2022-04-15 08:32:22.9579963 +0530 IST m=+0.727548101 follower-3 updated store for key: abc as value: 6189 createdOn: 34
2022-04-15 08:32:22.9585401 +0530 IST m=+0.728091901 follower-3 updated store for key: abc as value: 6191 createdOn: 35
2022-04-15 08:32:22.970155 +0530 IST m=+0.739706801 GET abc responded by follower-3 val: 6191 createdOn: 35
2022-04-15 08:32:22.970155 +0530 IST m=+0.739706801 follower-1 got state query response from leader as &{[0xc000208c90]}
2022-04-15 08:32:22.9734911 +0530 IST m=+0.743042901 follower-1 updated store for key: abc as value: 6240 createdOn: 35
2022-04-15 08:32:22.970155 +0530 IST m=+0.739706801 leader incList appended by key: abc value: 47 createdOn: 36
2022-04-15 08:32:22.9752232 +0530 IST m=+0.744775001 follower-3 got state query response from leader as &{[0xc00018cc30]}
2022-04-15 08:32:22.9752838 +0530 IST m=+0.744835601 follower-3 updated store for key: abc as value: 6287 createdOn: 36
2022-04-15 08:32:22.9752232 +0530 IST m=+0.744775001 follower-2 got state query response from leader as &{[0xc000208c90 0xc00018cc30]}
2022-04-15 08:32:22.9763692 +0530 IST m=+0.745921001 follower-2 updated store for key: abc as value: 6289 createdOn: 35
2022-04-15 08:32:22.9768827 +0530 IST m=+0.746434501 follower-2 updated store for key: abc as value: 6336 createdOn: 36
2022-04-15 08:32:22.9849358 +0530 IST m=+0.754487601 follower-1 got state query response from leader as &{[0xc00018cc30]}
2022-04-15 08:32:22.9886502 +0530 IST m=+0.758202001 follower-1 updated store for key: abc as value: 6383 createdOn: 36
2022-04-15 08:32:22.9849358 +0530 IST m=+0.754487601 GET abc responded by follower-1 val: 6336 createdOn: 36
2022-04-15 08:32:22.9886502 +0530 IST m=+0.758202001 leader incList appended by key: abc value: 77 createdOn: 37
2022-04-15 08:32:22.9908762 +0530 IST m=+0.760428001 follower-3 got state query response from leader as &{[0xc0000887b0]}
2022-04-15 08:32:22.9914006 +0530 IST m=+0.760952401 follower-3 updated store for key: abc as value: 6537 createdOn: 37
2022-04-15 08:32:23.0004975 +0530 IST m=+0.770049301 GET abc responded by follower-2 val: 6537 createdOn: 37
2022-04-15 08:32:23.0004975 +0530 IST m=+0.770049301 follower-2 got state query response from leader as &{[0xc0000887b0]}
2022-04-15 08:32:23.0037718 +0530 IST m=+0.773323601 follower-2 updated store for key: abc as value: 6614 createdOn: 37
2022-04-15 08:32:23.0037718 +0530 IST m=+0.773323601 leader incList appended by key: abc value: 96 createdOn: 38
2022-04-15 08:32:23.0004975 +0530 IST m=+0.770049301 follower-1 got state query response from leader as &{[0xc0000887b0]}
2022-04-15 08:32:23.0053088 +0530 IST m=+0.774860601 follower-1 updated store for key: abc as value: 6787 createdOn: 37
2022-04-15 08:32:23.016091 +0530 IST m=+0.785642801 follower-2 got state query response from leader as &{[0xc000304bb8]}
2022-04-15 08:32:23.0188071 +0530 IST m=+0.788358901 follower-2 updated store for key: abc as value: 6883 createdOn: 38
2022-04-15 08:32:23.016091 +0530 IST m=+0.785642801 GET abc responded by follower-3 val: 6787 createdOn: 37
2022-04-15 08:32:23.016091 +0530 IST m=+0.785642801 follower-3 got state query response from leader as &{[0xc000304bb8]}
2022-04-15 08:32:23.0206744 +0530 IST m=+0.790226201 follower-3 updated store for key: abc as value: 7002 createdOn: 38
2022-04-15 08:32:23.016091 +0530 IST m=+0.785642801 follower-1 got state query response from leader as &{[0xc000304bb8]}
2022-04-15 08:32:23.0217584 +0530 IST m=+0.791310201 follower-1 updated store for key: abc as value: 7098 createdOn: 38
2022-04-15 08:32:23.0189767 +0530 IST m=+0.788528501 leader incList appended by key: abc value: 23 createdOn: 39
2022-04-15 08:32:23.0312608 +0530 IST m=+0.800812601 follower-1 got state query response from leader as &{[0xc000304be8]}
2022-04-15 08:32:23.0312608 +0530 IST m=+0.800812601 GET abc responded by follower-1 val: 7098 createdOn: 38
2022-04-15 08:32:23.0312608 +0530 IST m=+0.800812601 follower-2 got state query response from leader as &{[0xc000304be8]}
2022-04-15 08:32:23.0349096 +0530 IST m=+0.804461401 follower-2 updated store for key: abc as value: 7181 createdOn: 39
2022-04-15 08:32:23.0343903 +0530 IST m=+0.803942101 leader incList appended by key: abc value: 37 createdOn: 40
2022-04-15 08:32:23.0338735 +0530 IST m=+0.803425301 follower-1 updated store for key: abc as value: 7121 createdOn: 39
2022-04-15 08:32:23.0465135 +0530 IST m=+0.816065301 follower-2 got state query response from leader as &{[0xc000304c60]}
2022-04-15 08:32:23.0485345 +0530 IST m=+0.818086301 follower-2 updated store for key: abc as value: 7218 createdOn: 40
2022-04-15 08:32:23.0465135 +0530 IST m=+0.816065301 follower-1 got state query response from leader as &{[0xc000304c60]}
2022-04-15 08:32:23.0502378 +0530 IST m=+0.819789601 follower-1 updated store for key: abc as value: 7296 createdOn: 40
2022-04-15 08:32:23.0465135 +0530 IST m=+0.816065301 GET abc responded by follower-2 val: 7181 createdOn: 39
2022-04-15 08:32:23.0497184 +0530 IST m=+0.819270201 leader incList appended by key: abc value: 41 createdOn: 41
2022-04-15 08:32:23.0465135 +0530 IST m=+0.816065301 follower-3 got state query response from leader as &{[0xc000304be8 0xc000304c60]}
2022-04-15 08:32:23.051922 +0530 IST m=+0.821473801 follower-3 updated store for key: abc as value: 7319 createdOn: 39
2022-04-15 08:32:23.0524344 +0530 IST m=+0.821986201 follower-3 updated store for key: abc as value: 7356 createdOn: 40
2022-04-15 08:32:23.061946 +0530 IST m=+0.831497801 GET abc responded by follower-2 val: 7356 createdOn: 40
2022-04-15 08:32:23.061946 +0530 IST m=+0.831497801 follower-1 got state query response from leader as &{[0xc00018ccd8]}
2022-04-15 08:32:23.0697043 +0530 IST m=+0.839256101 follower-1 updated store for key: abc as value: 7430 createdOn: 41
2022-04-15 08:32:23.0697043 +0530 IST m=+0.839256101 leader incList appended by key: abc value: 33 createdOn: 42
2022-04-15 08:32:23.0719227 +0530 IST m=+0.841474501 follower-3 got state query response from leader as &{[0xc00018ccd8 0xc00018cd50]}
2022-04-15 08:32:23.0736257 +0530 IST m=+0.843177501 follower-3 updated store for key: abc as value: 7471 createdOn: 41
2022-04-15 08:32:23.0749408 +0530 IST m=+0.844492601 follower-3 updated store for key: abc as value: 7504 createdOn: 42
2022-04-15 08:32:23.0621413 +0530 IST m=+0.831693101 follower-2 got state query response from leader as &{[0xc00018ccd8]}
2022-04-15 08:32:23.0759955 +0530 IST m=+0.845547301 follower-2 updated store for key: abc as value: 7545 createdOn: 41
2022-04-15 08:32:23.0765311 +0530 IST m=+0.846082901 follower-1 got state query response from leader as &{[0xc00018cd50]}
2022-04-15 08:32:23.077061 +0530 IST m=+0.846612801 follower-1 updated store for key: abc as value: 7578 createdOn: 42
2022-04-15 08:32:23.0922031 +0530 IST m=+0.861754901 GET abc responded by follower-3 val: 7578 createdOn: 42
2022-04-15 08:32:23.0923005 +0530 IST m=+0.861852301 follower-2 got state query response from leader as &{[0xc00018cd50]}
2022-04-15 08:32:23.0964331 +0530 IST m=+0.865984901 follower-2 updated store for key: abc as value: 7702 createdOn: 42
2022-04-15 08:32:23.0923005 +0530 IST m=+0.861852301 leader incList appended by key: abc value: 91 createdOn: 43
2022-04-15 08:32:23.0974664 +0530 IST m=+0.867018201 follower-1 got state query response from leader as &{[0xc000208e10]}
2022-04-15 08:32:23.0979954 +0530 IST m=+0.867547201 follower-1 updated store for key: abc as value: 7793 createdOn: 43
2022-04-15 08:32:23.1082031 +0530 IST m=+0.877754901 follower-3 got state query response from leader as &{[0xc000208e10]}
2022-04-15 08:32:23.1102407 +0530 IST m=+0.879792501 follower-3 updated store for key: abc as value: 7962 createdOn: 43
2022-04-15 08:32:23.1082031 +0530 IST m=+0.877754901 follower-2 got state query response from leader as &{[0xc000208e10]}
2022-04-15 08:32:23.112088 +0530 IST m=+0.881639801 follower-2 updated store for key: abc as value: 8053 createdOn: 43
2022-04-15 08:32:23.1082031 +0530 IST m=+0.877754901 GET abc responded by follower-2 val: 7793 createdOn: 43
2022-04-15 08:32:23.1082031 +0530 IST m=+0.877754901 leader incList appended by key: abc value: 78 createdOn: 44
2022-04-15 08:32:23.1137804 +0530 IST m=+0.883332201 follower-1 got state query response from leader as &{[0xc000208e40]}
2022-04-15 08:32:23.1143239 +0530 IST m=+0.883875701 follower-1 updated store for key: abc as value: 8131 createdOn: 44
2022-04-15 08:32:23.1235599 +0530 IST m=+0.893111701 GET abc responded by follower-2 val: 8131 createdOn: 44
2022-04-15 08:32:23.1235599 +0530 IST m=+0.893111701 leader incList appended by key: abc value: 46 createdOn: 45
2022-04-15 08:32:23.1277319 +0530 IST m=+0.897283701 follower-2 got state query response from leader as &{[0xc000208e40 0xc000208e88]}
2022-04-15 08:32:23.1283009 +0530 IST m=+0.897852701 follower-2 updated store for key: abc as value: 8255 createdOn: 44
2022-04-15 08:32:23.1288906 +0530 IST m=+0.898442401 follower-2 updated store for key: abc as value: 8301 createdOn: 45
2022-04-15 08:32:23.1277914 +0530 IST m=+0.897343201 follower-1 got state query response from leader as &{[0xc000208e88]}
2022-04-15 08:32:23.130036 +0530 IST m=+0.899587801 follower-1 updated store for key: abc as value: 8347 createdOn: 45
2022-04-15 08:32:23.1277914 +0530 IST m=+0.897343201 follower-3 got state query response from leader as &{[0xc000208e40 0xc000208e88]}
2022-04-15 08:32:23.1311007 +0530 IST m=+0.900652501 follower-3 updated store for key: abc as value: 8425 createdOn: 44
2022-04-15 08:32:23.1316876 +0530 IST m=+0.901239401 follower-3 updated store for key: abc as value: 8471 createdOn: 45
2022-04-15 08:32:23.1392233 +0530 IST m=+0.908775101 leader incList appended by key: abc value: 7 createdOn: 46
2022-04-15 08:32:23.1392233 +0530 IST m=+0.908775101 GET abc responded by follower-1 val: 8478 createdOn: 46
2022-04-15 08:32:23.1474597 +0530 IST m=+0.917011501 follower-3 got state query response from leader as &{[0xc000208f30]}
2022-04-15 08:32:23.1469456 +0530 IST m=+0.916497401 follower-1 got state query response from leader as &{[0xc000208f30]}
2022-04-15 08:32:23.1485278 +0530 IST m=+0.918079601 follower-1 updated store for key: abc as value: 8492 createdOn: 46
2022-04-15 08:32:23.1479769 +0530 IST m=+0.917528701 follower-3 updated store for key: abc as value: 8485 createdOn: 46
2022-04-15 08:32:23.1469456 +0530 IST m=+0.916497401 follower-2 got state query response from leader as &{[0xc000208f30]}
2022-04-15 08:32:23.1496054 +0530 IST m=+0.919157201 follower-2 updated store for key: abc as value: 8499 createdOn: 46
2022-04-15 08:32:23.1551397 +0530 IST m=+0.924691501 leader incList appended by key: abc value: 3 createdOn: 47
2022-04-15 08:32:23.1703205 +0530 IST m=+0.939872301 follower-1 got state query response from leader as &{[0xc000208fc0]}
2022-04-15 08:32:23.1778566 +0530 IST m=+0.947408401 follower-1 updated store for key: abc as value: 8557 createdOn: 47
2022-04-15 08:32:23.1703205 +0530 IST m=+0.939872301 follower-2 got state query response from leader as &{[0xc000208fc0]}
2022-04-15 08:32:23.1813809 +0530 IST m=+0.950932701 follower-2 updated store for key: abc as value: 8560 createdOn: 47
2022-04-15 08:32:23.1703205 +0530 IST m=+0.939872301 leader incList appended by key: abc value: 52 createdOn: 48
2022-04-15 08:32:23.1703205 +0530 IST m=+0.939872301 follower-3 got state query response from leader as &{[0xc000208fc0]}
2022-04-15 08:32:23.1845569 +0530 IST m=+0.954108701 follower-3 updated store for key: abc as value: 8563 createdOn: 47
2022-04-15 08:32:23.1703205 +0530 IST m=+0.939872301 GET abc responded by follower-1 val: 8502 createdOn: 47
2022-04-15 08:32:23.1855541 +0530 IST m=+0.955105901 leader incList appended by key: abc value: 5 createdOn: 49
2022-04-15 08:32:23.1855541 +0530 IST m=+0.955105901 follower-1 got state query response from leader as &{[0xc000208ff0 0xc000209020]}
2022-04-15 08:32:23.1865513 +0530 IST m=+0.956103101 follower-1 updated store for key: abc as value: 8620 createdOn: 48
2022-04-15 08:32:23.1869901 +0530 IST m=+0.956541901 follower-1 updated store for key: abc as value: 8625 createdOn: 49
2022-04-15 08:32:23.2014689 +0530 IST m=+0.971020701 follower-3 got state query response from leader as &{[0xc000208ff0 0xc000209020]}
2022-04-15 08:32:23.2054619 +0530 IST m=+0.975013701 follower-3 updated store for key: abc as value: 8702 createdOn: 48
2022-04-15 08:32:23.2064591 +0530 IST m=+0.976010901 follower-3 updated store for key: abc as value: 8707 createdOn: 49
2022-04-15 08:32:23.2014689 +0530 IST m=+0.971020701 leader incList appended by key: abc value: 25 createdOn: 50
2022-04-15 08:32:23.2072043 +0530 IST m=+0.976756101 follower-1 got state query response from leader as &{[0xc000209068]}
2022-04-15 08:32:23.2072043 +0530 IST m=+0.976756101 follower-1 updated store for key: abc as value: 8732 createdOn: 50
2022-04-15 08:32:23.2014689 +0530 IST m=+0.971020701 follower-2 got state query response from leader as &{[0xc000208ff0 0xc000209020]}
2022-04-15 08:32:23.2091964 +0530 IST m=+0.978748201 follower-2 updated store for key: abc as value: 8784 createdOn: 48
2022-04-15 08:32:23.2101936 +0530 IST m=+0.979745401 follower-2 updated store for key: abc as value: 8789 createdOn: 49
2022-04-15 08:32:23.2014689 +0530 IST m=+0.971020701 GET abc responded by follower-3 val: 8625 createdOn: 49
2022-04-15 08:32:23.2173529 +0530 IST m=+0.986904701 leader incList appended by key: abc value: 51 createdOn: 51
2022-04-15 08:32:23.2230761 +0530 IST m=+0.992627901 follower-1 got state query response from leader as &{[0xc0002090b0]}
2022-04-15 08:32:23.2241009 +0530 IST m=+0.993652701 follower-1 updated store for key: abc as value: 8891 createdOn: 51
2022-04-15 08:32:23.2230761 +0530 IST m=+0.992627901 GET abc responded by follower-1 val: 8840 createdOn: 51
2022-04-15 08:32:23.2230761 +0530 IST m=+0.992627901 follower-3 got state query response from leader as &{[0xc000209068 0xc0002090b0]}
2022-04-15 08:32:23.227563 +0530 IST m=+0.997114801 follower-3 updated store for key: abc as value: 8916 createdOn: 50
2022-04-15 08:32:23.2296194 +0530 IST m=+0.999171201 follower-3 updated store for key: abc as value: 8967 createdOn: 51
2022-04-15 08:32:23.2230761 +0530 IST m=+0.992627901 follower-2 got state query response from leader as &{[0xc000209068 0xc0002090b0]}
2022-04-15 08:32:23.2321757 +0530 IST m=+1.001727501 follower-2 updated store for key: abc as value: 8992 createdOn: 50
2022-04-15 08:32:23.2338911 +0530 IST m=+1.003442901 follower-2 updated store for key: abc as value: 9100 createdOn: 51
2022-04-15 08:32:23.2327338 +0530 IST m=+1.002285601 leader incList appended by key: abc value: 57 createdOn: 52
2022-04-15 08:32:23.2386439 +0530 IST m=+1.008195701 follower-1 got state query response from leader as &{[0xc000088d80]}
2022-04-15 08:32:23.2381285 +0530 IST m=+1.007680301 GET abc responded by follower-3 val: 9100 createdOn: 51
2022-04-15 08:32:23.2396978 +0530 IST m=+1.009249601 follower-1 updated store for key: abc as value: 9157 createdOn: 52
2022-04-15 08:32:23.2481187 +0530 IST m=+1.017670501 leader incList appended by key: abc value: 10 createdOn: 53
2022-04-15 08:32:23.2502911 +0530 IST m=+1.019842901 GET abc responded by follower-2 val: 9167 createdOn: 53
2022-04-15 08:32:23.2502911 +0530 IST m=+1.019842901 follower-3 got state query response from leader as &{[0xc000088d80 0xc000088de0]}
2022-04-15 08:32:23.2518981 +0530 IST m=+1.021449901 follower-3 updated store for key: abc as value: 9224 createdOn: 52
2022-04-15 08:32:23.2524573 +0530 IST m=+1.022009101 follower-3 updated store for key: abc as value: 9234 createdOn: 53
2022-04-15 08:32:23.2502911 +0530 IST m=+1.019842901 follower-1 got state query response from leader as &{[0xc000088de0]}
2022-04-15 08:32:23.2530337 +0530 IST m=+1.022585501 follower-1 updated store for key: abc as value: 9244 createdOn: 53
2022-04-15 08:32:23.2502911 +0530 IST m=+1.019842901 follower-2 got state query response from leader as &{[0xc000088d80 0xc000088de0]}
2022-04-15 08:32:23.2540622 +0530 IST m=+1.023614001 follower-2 updated store for key: abc as value: 9301 createdOn: 52
2022-04-15 08:32:23.2545741 +0530 IST m=+1.024125901 follower-2 updated store for key: abc as value: 9311 createdOn: 53
2022-04-15 08:32:23.2633664 +0530 IST m=+1.032918201 GET abc responded by follower-1 val: 9396 createdOn: 54
2022-04-15 08:32:23.2633664 +0530 IST m=+1.032918201 leader incList appended by key: abc value: 85 createdOn: 54
2022-04-15 08:32:23.2667839 +0530 IST m=+1.036335701 follower-2 got state query response from leader as &{[0xc000088ea0]}
2022-04-15 08:32:23.267706 +0530 IST m=+1.037257801 follower-2 updated store for key: abc as value: 9481 createdOn: 54
2022-04-15 08:32:23.267706 +0530 IST m=+1.037257801 follower-3 got state query response from leader as &{[0xc000088ea0]}
2022-04-15 08:32:23.2687033 +0530 IST m=+1.038255101 follower-3 updated store for key: abc as value: 9566 createdOn: 54
2022-04-15 08:32:23.2667839 +0530 IST m=+1.036335701 follower-1 got state query response from leader as &{[0xc000088ea0]}
2022-04-15 08:32:23.2692708 +0530 IST m=+1.038822601 follower-1 updated store for key: abc as value: 9651 createdOn: 54
2022-04-15 08:32:23.2788565 +0530 IST m=+1.048408301 leader incList appended by key: abc value: 32 createdOn: 55
2022-04-15 08:32:23.2824266 +0530 IST m=+1.051978401 follower-2 got state query response from leader as &{[0xc000088f78]}
2022-04-15 08:32:23.2826552 +0530 IST m=+1.052207001 follower-2 updated store for key: abc as value: 9715 createdOn: 55
2022-04-15 08:32:23.2824266 +0530 IST m=+1.051978401 follower-1 got state query response from leader as &{[0xc000088f78]}
2022-04-15 08:32:23.2836555 +0530 IST m=+1.053207301 follower-1 updated store for key: abc as value: 9747 createdOn: 55
2022-04-15 08:32:23.2846539 +0530 IST m=+1.054205701 follower-3 got state query response from leader as &{[0xc000088f78]}
2022-04-15 08:32:23.2847468 +0530 IST m=+1.054298601 follower-3 updated store for key: abc as value: 9779 createdOn: 55
2022-04-15 08:32:23.2788565 +0530 IST m=+1.048408301 GET abc responded by follower-1 val: 9683 createdOn: 55
2022-04-15 08:32:23.2947395 +0530 IST m=+1.064291301 leader incList appended by key: abc value: 53 createdOn: 56
2022-04-15 08:32:23.2977313 +0530 IST m=+1.067283101 follower-2 got state query response from leader as &{[0xc000089080]}
2022-04-15 08:32:23.2984908 +0530 IST m=+1.068042601 follower-2 updated store for key: abc as value: 9885 createdOn: 56
2022-04-15 08:32:23.2977313 +0530 IST m=+1.067283101 GET abc responded by follower-2 val: 9832 createdOn: 56
2022-04-15 08:32:23.2977313 +0530 IST m=+1.067283101 follower-1 got state query response from leader as &{[0xc000089080]}
2022-04-15 08:32:23.299493 +0530 IST m=+1.069044801 follower-1 updated store for key: abc as value: 9938 createdOn: 56
2022-04-15 08:32:23.3107264 +0530 IST m=+1.080278201 GET abc responded by follower-3 val: 9938 createdOn: 56
2022-04-15 08:32:23.3107264 +0530 IST m=+1.080278201 leader incList appended by key: abc value: 84 createdOn: 57
2022-04-15 08:32:23.3135908 +0530 IST m=+1.083142601 follower-3 got state query response from leader as &{[0xc000089080 0xc0002092d8]}
2022-04-15 08:32:23.3145869 +0530 IST m=+1.084138701 follower-3 updated store for key: abc as value: 10075 createdOn: 56
2022-04-15 08:32:23.3155842 +0530 IST m=+1.085136001 follower-3 updated store for key: abc as value: 10159 createdOn: 57
2022-04-15 08:32:23.3162103 +0530 IST m=+1.085762101 follower-1 got state query response from leader as &{[0xc0002092d8]}
2022-04-15 08:32:23.3167602 +0530 IST m=+1.086312001 follower-1 updated store for key: abc as value: 10243 createdOn: 57
2022-04-15 08:32:23.3262372 +0530 IST m=+1.095789001 GET abc responded by follower-2 val: 10243 createdOn: 57
2022-04-15 08:32:23.3262372 +0530 IST m=+1.095789001 leader incList appended by key: abc value: 67 createdOn: 58
2022-04-15 08:32:23.3298322 +0530 IST m=+1.099384001 follower-2 got state query response from leader as &{[0xc0002092d8 0xc0000890e0]}
2022-04-15 08:32:23.3306215 +0530 IST m=+1.100173301 follower-2 updated store for key: abc as value: 10394 createdOn: 57
2022-04-15 08:32:23.3311839 +0530 IST m=+1.100735701 follower-2 updated store for key: abc as value: 10461 createdOn: 58
2022-04-15 08:32:23.3317021 +0530 IST m=+1.101253901 follower-3 got state query response from leader as &{[0xc0000890e0]}
2022-04-15 08:32:23.3328129 +0530 IST m=+1.102364701 follower-3 updated store for key: abc as value: 10528 createdOn: 58
2022-04-15 08:32:23.3317021 +0530 IST m=+1.101253901 follower-1 got state query response from leader as &{[0xc0000890e0]}
2022-04-15 08:32:23.3340444 +0530 IST m=+1.103596201 follower-1 updated store for key: abc as value: 10595 createdOn: 58
2022-04-15 08:32:23.3417999 +0530 IST m=+1.111351701 GET abc responded by follower-2 val: 10595 createdOn: 58
2022-04-15 08:32:23.3417999 +0530 IST m=+1.111351701 leader incList appended by key: abc value: 71 createdOn: 59
2022-04-15 08:32:23.356992 +0530 IST m=+1.126543801 GET abc responded by follower-1 val: 10666 createdOn: 59
2022-04-15 08:32:23.356992 +0530 IST m=+1.126543801 follower-1 got state query response from leader as &{[0xc0003052c0]}
2022-04-15 08:32:23.3607171 +0530 IST m=+1.130268901 follower-1 updated store for key: abc as value: 10763 createdOn: 59
2022-04-15 08:32:23.3571445 +0530 IST m=+1.126696301 follower-2 got state query response from leader as &{[0xc0003052c0]}
2022-04-15 08:32:23.3630491 +0530 IST m=+1.132600901 follower-2 updated store for key: abc as value: 10834 createdOn: 59
2022-04-15 08:32:23.3571445 +0530 IST m=+1.126696301 follower-3 got state query response from leader as &{[0xc0003052c0]}
2022-04-15 08:32:23.3642616 +0530 IST m=+1.133813401 follower-3 updated store for key: abc as value: 10905 createdOn: 59
2022-04-15 08:32:23.3571445 +0530 IST m=+1.126696301 leader incList appended by key: abc value: 26 createdOn: 60
2022-04-15 08:32:23.3725527 +0530 IST m=+1.142104501 leader incList appended by key: abc value: 2 createdOn: 61
2022-04-15 08:32:23.3725527 +0530 IST m=+1.142104501 GET abc responded by follower-1 val: 10907 createdOn: 61
2022-04-15 08:32:23.3761138 +0530 IST m=+1.145665601 follower-2 got state query response from leader as &{[0xc0003052f0 0xc000305368]}
2022-04-15 08:32:23.3771361 +0530 IST m=+1.146687901 follower-2 updated store for key: abc as value: 10933 createdOn: 60
2022-04-15 08:32:23.3776462 +0530 IST m=+1.147198001 follower-2 updated store for key: abc as value: 10935 createdOn: 61
2022-04-15 08:32:23.3761138 +0530 IST m=+1.145665601 follower-1 got state query response from leader as &{[0xc0003052f0 0xc000305368]}
2022-04-15 08:32:23.3787957 +0530 IST m=+1.148347501 follower-1 updated store for key: abc as value: 10961 createdOn: 60
2022-04-15 08:32:23.3787957 +0530 IST m=+1.148347501 follower-1 updated store for key: abc as value: 10963 createdOn: 61
2022-04-15 08:32:23.3885844 +0530 IST m=+1.158136201 follower-3 got state query response from leader as &{[0xc0003052f0 0xc000305368]}
2022-04-15 08:32:23.3913135 +0530 IST m=+1.160865301 follower-3 updated store for key: abc as value: 11055 createdOn: 60
2022-04-15 08:32:23.391868 +0530 IST m=+1.161419801 follower-3 updated store for key: abc as value: 11057 createdOn: 61
2022-04-15 08:32:23.3885844 +0530 IST m=+1.158136201 GET abc responded by follower-1 val: 10963 createdOn: 61
2022-04-15 08:32:23.3885844 +0530 IST m=+1.158136201 leader incList appended by key: abc value: 66 createdOn: 62
2022-04-15 08:32:23.3939315 +0530 IST m=+1.163483301 follower-1 got state query response from leader as &{[0xc00018d1b8]}
2022-04-15 08:32:23.3941007 +0530 IST m=+1.163652501 follower-1 updated store for key: abc as value: 11123 createdOn: 62
2022-04-15 08:32:23.4031518 +0530 IST m=+1.172703601 GET abc responded by follower-1 val: 11123 createdOn: 62
2022-04-15 08:32:23.4031518 +0530 IST m=+1.172703601 follower-2 got state query response from leader as &{[0xc00018d1b8]}
2022-04-15 08:32:23.4062922 +0530 IST m=+1.175844001 follower-2 updated store for key: abc as value: 11282 createdOn: 62
2022-04-15 08:32:23.4057717 +0530 IST m=+1.175323501 leader incList appended by key: abc value: 93 createdOn: 63
2022-04-15 08:32:23.4186526 +0530 IST m=+1.188204401 follower-2 got state query response from leader as &{[0xc000305548]}
2022-04-15 08:32:23.4207343 +0530 IST m=+1.190286101 follower-2 updated store for key: abc as value: 11375 createdOn: 63
2022-04-15 08:32:23.4217236 +0530 IST m=+1.191275401 leader incList appended by key: abc value: 19 createdOn: 64
2022-04-15 08:32:23.4186526 +0530 IST m=+1.188204401 GET abc responded by follower-2 val: 11282 createdOn: 62
2022-04-15 08:32:23.4186526 +0530 IST m=+1.188204401 follower-3 got state query response from leader as &{[0xc00018d1b8 0xc000305548]}
2022-04-15 08:32:23.4228656 +0530 IST m=+1.192417401 follower-3 updated store for key: abc as value: 11460 createdOn: 62
2022-04-15 08:32:23.4234036 +0530 IST m=+1.192955401 follower-3 updated store for key: abc as value: 11553 createdOn: 63
2022-04-15 08:32:23.4186526 +0530 IST m=+1.188204401 follower-1 got state query response from leader as &{[0xc000305548]}
2022-04-15 08:32:23.4244709 +0530 IST m=+1.194022701 follower-1 updated store for key: abc as value: 11646 createdOn: 63
2022-04-15 08:32:23.4339119 +0530 IST m=+1.203463701 GET abc responded by follower-1 val: 11646 createdOn: 63
2022-04-15 08:32:23.4339991 +0530 IST m=+1.203550901 follower-1 got state query response from leader as &{[0xc000305608]}
2022-04-15 08:32:23.4378313 +0530 IST m=+1.207383101 follower-1 updated store for key: abc as value: 11717 createdOn: 64
2022-04-15 08:32:23.4373213 +0530 IST m=+1.206873101 leader incList appended by key: abc value: 52 createdOn: 65
2022-04-15 08:32:23.4339991 +0530 IST m=+1.203550901 follower-2 got state query response from leader as &{[0xc000305608]}
2022-04-15 08:32:23.4389798 +0530 IST m=+1.208531601 follower-2 updated store for key: abc as value: 11736 createdOn: 64
2022-04-15 08:32:23.4395378 +0530 IST m=+1.209089601 follower-3 got state query response from leader as &{[0xc000305608 0xc000305698]}
2022-04-15 08:32:23.4400517 +0530 IST m=+1.209603501 follower-3 updated store for key: abc as value: 11755 createdOn: 64
2022-04-15 08:32:23.4405692 +0530 IST m=+1.210121001 follower-3 updated store for key: abc as value: 11807 createdOn: 65
2022-04-15 08:32:23.4496662 +0530 IST m=+1.219218001 follower-2 got state query response from leader as &{[0xc000305698]}
2022-04-15 08:32:23.4496662 +0530 IST m=+1.219218001 follower-1 got state query response from leader as &{[0xc000305698]}
2022-04-15 08:32:23.4527087 +0530 IST m=+1.222260501 follower-1 updated store for key: abc as value: 11996 createdOn: 65
2022-04-15 08:32:23.4526503 +0530 IST m=+1.222202101 follower-2 updated store for key: abc as value: 11859 createdOn: 65
2022-04-15 08:32:23.4526503 +0530 IST m=+1.222202101 leader incList appended by key: abc value: 85 createdOn: 66
2022-04-15 08:32:23.4496662 +0530 IST m=+1.219218001 GET abc responded by follower-1 val: 11807 createdOn: 65
2022-04-15 08:32:23.4651217 +0530 IST m=+1.234673501 follower-3 got state query response from leader as &{[0xc000089380]}
2022-04-15 08:32:23.4651217 +0530 IST m=+1.234673501 GET abc responded by follower-3 val: 11996 createdOn: 65
2022-04-15 08:32:23.4688389 +0530 IST m=+1.238390701 leader incList appended by key: abc value: 87 createdOn: 67
2022-04-15 08:32:23.4651217 +0530 IST m=+1.234673501 follower-1 got state query response from leader as &{[0xc000089380]}
2022-04-15 08:32:23.4695115 +0530 IST m=+1.239063301 follower-1 updated store for key: abc as value: 12253 createdOn: 66
2022-04-15 08:32:23.4652837 +0530 IST m=+1.234835501 follower-2 got state query response from leader as &{[0xc000089380]}
2022-04-15 08:32:23.4706285 +0530 IST m=+1.240180301 follower-2 updated store for key: abc as value: 12338 createdOn: 66
2022-04-15 08:32:23.4673308 +0530 IST m=+1.236882601 follower-3 updated store for key: abc as value: 12081 createdOn: 66
2022-04-15 08:32:23.4803748 +0530 IST m=+1.249926601 GET abc responded by follower-2 val: 12338 createdOn: 66
2022-04-15 08:32:23.4803748 +0530 IST m=+1.249926601 follower-1 got state query response from leader as &{[0xc0000893f8]}
2022-04-15 08:32:23.4850103 +0530 IST m=+1.254562101 follower-1 updated store for key: abc as value: 12453 createdOn: 67
2022-04-15 08:32:23.4839416 +0530 IST m=+1.253493401 leader incList appended by key: abc value: 28 createdOn: 68
2022-04-15 08:32:23.4860726 +0530 IST m=+1.255624401 follower-2 got state query response from leader as &{[0xc0000893f8 0xc000089470]}
2022-04-15 08:32:23.4871729 +0530 IST m=+1.256724701 follower-2 updated store for key: abc as value: 12540 createdOn: 67
2022-04-15 08:32:23.4876828 +0530 IST m=+1.257234601 follower-2 updated store for key: abc as value: 12568 createdOn: 68
2022-04-15 08:32:23.4882343 +0530 IST m=+1.257786101 follower-3 got state query response from leader as &{[0xc0000893f8 0xc000089470]}
2022-04-15 08:32:23.489474 +0530 IST m=+1.259025801 follower-3 updated store for key: abc as value: 12655 createdOn: 67
2022-04-15 08:32:23.490076 +0530 IST m=+1.259627801 follower-3 updated store for key: abc as value: 12683 createdOn: 68
2022-04-15 08:32:23.4905948 +0530 IST m=+1.260146601 follower-1 got state query response from leader as &{[0xc000089470]}
2022-04-15 08:32:23.4911388 +0530 IST m=+1.260690601 follower-1 updated store for key: abc as value: 12711 createdOn: 68
2022-04-15 08:32:23.4953216 +0530 IST m=+1.264873401 GET abc responded by follower-3 val: 12711 createdOn: 68
2022-04-15 08:32:23.5107634 +0530 IST m=+1.280315201 GET abc responded by follower-1 val: 12711 createdOn: 68
2022-04-15 08:32:23.5107634 +0530 IST m=+1.280315201 leader incList appended by key: abc value: 3 createdOn: 69
2022-04-15 08:32:23.5131971 +0530 IST m=+1.282748901 follower-2 got state query response from leader as &{[0xc0000894e8]}
2022-04-15 08:32:23.5131971 +0530 IST m=+1.282748901 follower-2 updated store for key: abc as value: 12717 createdOn: 69
2022-04-15 08:32:23.5131971 +0530 IST m=+1.282748901 follower-3 got state query response from leader as &{[0xc0000894e8]}
2022-04-15 08:32:23.5141959 +0530 IST m=+1.283747701 follower-3 updated store for key: abc as value: 12720 createdOn: 69
2022-04-15 08:32:23.5264842 +0530 IST m=+1.296036001 GET abc responded by follower-1 val: 12720 createdOn: 69
2022-04-15 08:32:23.5264842 +0530 IST m=+1.296036001 leader incList appended by key: abc value: 47 createdOn: 70
2022-04-15 08:32:23.5297718 +0530 IST m=+1.299323601 follower-3 got state query response from leader as &{[0xc0002096b0]}
2022-04-15 08:32:23.5307709 +0530 IST m=+1.300322701 follower-3 updated store for key: abc as value: 12814 createdOn: 70
2022-04-15 08:32:23.5297718 +0530 IST m=+1.299323601 follower-1 got state query response from leader as &{[0xc0000894e8 0xc0002096b0]}
2022-04-15 08:32:23.5324439 +0530 IST m=+1.301995701 follower-1 updated store for key: abc as value: 12817 createdOn: 69
2022-04-15 08:32:23.5331415 +0530 IST m=+1.302693301 follower-1 updated store for key: abc as value: 12864 createdOn: 70
2022-04-15 08:32:23.5419183 +0530 IST m=+1.311470101 GET abc responded by follower-2 val: 12864 createdOn: 70
2022-04-15 08:32:23.5419183 +0530 IST m=+1.311470101 leader incList appended by key: abc value: 32 createdOn: 71
2022-04-15 08:32:23.5458589 +0530 IST m=+1.315410701 follower-1 got state query response from leader as &{[0xc0002096e0]}
2022-04-15 08:32:23.5465029 +0530 IST m=+1.316054701 follower-1 updated store for key: abc as value: 12928 createdOn: 71
2022-04-15 08:32:23.5419183 +0530 IST m=+1.311470101 follower-2 got state query response from leader as &{[0xc0002096b0]}
2022-04-15 08:32:23.5476069 +0530 IST m=+1.317158701 follower-2 updated store for key: abc as value: 12975 createdOn: 70
2022-04-15 08:32:23.5470613 +0530 IST m=+1.316613101 follower-3 got state query response from leader as &{[0xc0002096e0]}
2022-04-15 08:32:23.5493025 +0530 IST m=+1.318854301 follower-3 updated store for key: abc as value: 13007 createdOn: 71
2022-04-15 08:32:23.5574703 +0530 IST m=+1.327022101 GET abc responded by follower-3 val: 13007 createdOn: 71
2022-04-15 08:32:23.5575847 +0530 IST m=+1.327136501 leader incList appended by key: abc value: 39 createdOn: 72
2022-04-15 08:32:23.5609988 +0530 IST m=+1.330550601 follower-2 got state query response from leader as &{[0xc0002096e0 0xc00018d488]}
2022-04-15 08:32:23.5615442 +0530 IST m=+1.331096001 follower-2 updated store for key: abc as value: 13078 createdOn: 71
2022-04-15 08:32:23.562102 +0530 IST m=+1.331653801 follower-2 updated store for key: abc as value: 13117 createdOn: 72
2022-04-15 08:32:23.5626159 +0530 IST m=+1.332167701 follower-1 got state query response from leader as &{[0xc00018d488]}
2022-04-15 08:32:23.5631289 +0530 IST m=+1.332680701 follower-1 updated store for key: abc as value: 13156 createdOn: 72
2022-04-15 08:32:23.5728536 +0530 IST m=+1.342405401 follower-3 got state query response from leader as &{[0xc00018d488]}
2022-04-15 08:32:23.5757185 +0530 IST m=+1.345270301 follower-3 updated store for key: abc as value: 13281 createdOn: 72
2022-04-15 08:32:23.5728536 +0530 IST m=+1.342405401 GET abc responded by follower-3 val: 13156 createdOn: 72
2022-04-15 08:32:23.5728536 +0530 IST m=+1.342405401 leader incList appended by key: abc value: 86 createdOn: 73
2022-04-15 08:32:23.5775788 +0530 IST m=+1.347130601 follower-1 got state query response from leader as &{[0xc00018d4b8]}
2022-04-15 08:32:23.578128 +0530 IST m=+1.347679801 follower-1 updated store for key: abc as value: 13367 createdOn: 73
2022-04-15 08:32:23.5888261 +0530 IST m=+1.358377901 GET abc responded by follower-3 val: 13367 createdOn: 73
2022-04-15 08:32:23.5889705 +0530 IST m=+1.358522301 leader incList appended by key: abc value: 76 createdOn: 74
2022-04-15 08:32:23.5940307 +0530 IST m=+1.363582501 follower-3 got state query response from leader as &{[0xc00018d4b8 0xc000209728]}
2022-04-15 08:32:23.595121 +0530 IST m=+1.364672801 follower-3 updated store for key: abc as value: 13529 createdOn: 73
2022-04-15 08:32:23.5956745 +0530 IST m=+1.365226301 follower-3 updated store for key: abc as value: 13605 createdOn: 74
2022-04-15 08:32:23.5889705 +0530 IST m=+1.358522301 follower-2 got state query response from leader as &{[0xc00018d4b8]}
2022-04-15 08:32:23.5967035 +0530 IST m=+1.366255301 follower-2 updated store for key: abc as value: 13691 createdOn: 73
2022-04-15 08:32:23.5940307 +0530 IST m=+1.363582501 follower-1 got state query response from leader as &{[0xc000209728]}
2022-04-15 08:32:23.5977321 +0530 IST m=+1.367283901 follower-1 updated store for key: abc as value: 13767 createdOn: 74
2022-04-15 08:32:23.6035364 +0530 IST m=+1.373088201 GET abc responded by follower-2 val: 13767 createdOn: 74
2022-04-15 08:32:23.6061134 +0530 IST m=+1.375665201 leader incList appended by key: abc value: 51 createdOn: 75
2022-04-15 08:32:23.6186783 +0530 IST m=+1.388230101 GET abc responded by follower-2 val: 13818 createdOn: 75
2022-04-15 08:32:23.6186783 +0530 IST m=+1.388230101 follower-1 got state query response from leader as &{[0xc0002097a0]}
2022-04-15 08:32:23.6188534 +0530 IST m=+1.388405201 follower-3 got state query response from leader as &{[0xc0002097a0]}
2022-04-15 08:32:23.6215054 +0530 IST m=+1.391057201 follower-3 updated store for key: abc as value: 13920 createdOn: 75
2022-04-15 08:32:23.6204072 +0530 IST m=+1.389959001 follower-1 updated store for key: abc as value: 13869 createdOn: 75
2022-04-15 08:32:23.6215054 +0530 IST m=+1.391057201 leader incList appended by key: abc value: 64 createdOn: 76
2022-04-15 08:32:23.6186783 +0530 IST m=+1.388230101 follower-2 got state query response from leader as &{[0xc000209728 0xc0002097a0]}
2022-04-15 08:32:23.6236693 +0530 IST m=+1.393221101 follower-2 updated store for key: abc as value: 14060 createdOn: 74
2022-04-15 08:32:23.6236693 +0530 IST m=+1.393221101 follower-2 updated store for key: abc as value: 14111 createdOn: 75
2022-04-15 08:32:23.6341922 +0530 IST m=+1.403744001 follower-1 got state query response from leader as &{[0xc00018d548]}
2022-04-15 08:32:23.6371527 +0530 IST m=+1.406704501 follower-3 got state query response from leader as &{[0xc00018d548]}
2022-04-15 08:32:23.6372001 +0530 IST m=+1.406751901 follower-1 updated store for key: abc as value: 14175 createdOn: 76
2022-04-15 08:32:23.6341922 +0530 IST m=+1.403744001 GET abc responded by follower-3 val: 14111 createdOn: 75
2022-04-15 08:32:23.6372001 +0530 IST m=+1.406751901 follower-2 got state query response from leader as &{[0xc00018d548]}
2022-04-15 08:32:23.6393985 +0530 IST m=+1.408950301 follower-2 updated store for key: abc as value: 14386 createdOn: 76
2022-04-15 08:32:23.6378001 +0530 IST m=+1.407351901 follower-3 updated store for key: abc as value: 14322 createdOn: 76
2022-04-15 08:32:23.6372001 +0530 IST m=+1.406751901 leader incList appended by key: abc value: 83 createdOn: 77
2022-04-15 08:32:23.649438 +0530 IST m=+1.418989801 follower-2 got state query response from leader as &{[0xc000305a40]}
2022-04-15 08:32:23.6521124 +0530 IST m=+1.421664201 follower-2 updated store for key: abc as value: 14469 createdOn: 77
2022-04-15 08:32:23.6496098 +0530 IST m=+1.419161601 GET abc responded by follower-1 val: 14386 createdOn: 76
2022-04-15 08:32:23.6496098 +0530 IST m=+1.419161601 follower-1 got state query response from leader as &{[0xc000305a40]}
2022-04-15 08:32:23.65423 +0530 IST m=+1.423781801 follower-1 updated store for key: abc as value: 14642 createdOn: 77
2022-04-15 08:32:23.6531095 +0530 IST m=+1.422661301 leader incList appended by key: abc value: 90 createdOn: 78
2022-04-15 08:32:23.6643888 +0530 IST m=+1.433940601 GET abc responded by follower-2 val: 14642 createdOn: 77
2022-04-15 08:32:23.6643888 +0530 IST m=+1.433940601 follower-1 got state query response from leader as &{[0xc000209920]}
2022-04-15 08:32:23.6674904 +0530 IST m=+1.437042201 follower-1 updated store for key: abc as value: 14732 createdOn: 78
2022-04-15 08:32:23.6643888 +0530 IST m=+1.433940601 follower-3 got state query response from leader as &{[0xc000305a40 0xc000209920]}
2022-04-15 08:32:23.6681466 +0530 IST m=+1.437698401 follower-3 updated store for key: abc as value: 14815 createdOn: 77
2022-04-15 08:32:23.6687149 +0530 IST m=+1.438266701 follower-3 updated store for key: abc as value: 14963 createdOn: 78
2022-04-15 08:32:23.6643888 +0530 IST m=+1.433940601 follower-2 got state query response from leader as &{[0xc000209920]}
2022-04-15 08:32:23.6697863 +0530 IST m=+1.439338101 follower-2 updated store for key: abc as value: 15053 createdOn: 78
2022-04-15 08:32:23.6686549 +0530 IST m=+1.438206701 leader incList appended by key: abc value: 58 createdOn: 79
2022-04-15 08:32:23.6802746 +0530 IST m=+1.449826401 follower-1 got state query response from leader as &{[0xc000305b00]}
2022-04-15 08:32:23.6835284 +0530 IST m=+1.453080201 follower-1 updated store for key: abc as value: 15111 createdOn: 79
2022-04-15 08:32:23.6835284 +0530 IST m=+1.453080201 follower-2 got state query response from leader as &{[0xc000305b00]}
2022-04-15 08:32:23.6846221 +0530 IST m=+1.454173901 follower-2 updated store for key: abc as value: 15200 createdOn: 79
2022-04-15 08:32:23.6840772 +0530 IST m=+1.453629001 leader incList appended by key: abc value: 31 createdOn: 80
2022-04-15 08:32:23.6804262 +0530 IST m=+1.449978001 GET abc responded by follower-2 val: 15053 createdOn: 78
2022-04-15 08:32:23.685711 +0530 IST m=+1.455262801 follower-3 got state query response from leader as &{[0xc000305b00 0xc000305b30]}
2022-04-15 08:32:23.6867743 +0530 IST m=+1.456326101 follower-3 updated store for key: abc as value: 15258 createdOn: 79
2022-04-15 08:32:23.6867743 +0530 IST m=+1.456326101 follower-3 updated store for key: abc as value: 15289 createdOn: 80
2022-04-15 08:32:23.6958655 +0530 IST m=+1.465417301 follower-2 got state query response from leader as &{[0xc000305b30]}
2022-04-15 08:32:23.6991221 +0530 IST m=+1.468673901 follower-2 updated store for key: abc as value: 15320 createdOn: 80
2022-04-15 08:32:23.6991221 +0530 IST m=+1.468673901 leader incList appended by key: abc value: 78 createdOn: 81
2022-04-15 08:32:23.6991221 +0530 IST m=+1.468673901 GET abc responded by follower-1 val: 15398 createdOn: 81
2022-04-15 08:32:23.6958655 +0530 IST m=+1.465417301 follower-1 got state query response from leader as &{[0xc000305b30]}
2022-04-15 08:32:23.7018053 +0530 IST m=+1.471357101 follower-1 updated store for key: abc as value: 15429 createdOn: 80
2022-04-15 08:32:23.7118202 +0530 IST m=+1.481372001 GET abc responded by follower-1 val: 15429 createdOn: 80
2022-04-15 08:32:23.7121075 +0530 IST m=+1.481659301 follower-2 got state query response from leader as &{[0xc00018d6f8]}
2022-04-15 08:32:23.7172944 +0530 IST m=+1.486846201 follower-2 updated store for key: abc as value: 15530 createdOn: 81
2022-04-15 08:32:23.7121075 +0530 IST m=+1.481659301 follower-1 got state query response from leader as &{[0xc00018d6f8]}
2022-04-15 08:32:23.718356 +0530 IST m=+1.487907801 follower-1 updated store for key: abc as value: 15608 createdOn: 81
2022-04-15 08:32:23.7121075 +0530 IST m=+1.481659301 follower-3 got state query response from leader as &{[0xc00018d6f8]}
2022-04-15 08:32:23.7194477 +0530 IST m=+1.488999501 follower-3 updated store for key: abc as value: 15686 createdOn: 81
2022-04-15 08:32:23.7167603 +0530 IST m=+1.486312101 leader incList appended by key: abc value: 23 createdOn: 82
2022-04-15 08:32:23.7279223 +0530 IST m=+1.497474101 follower-2 got state query response from leader as &{[0xc00018d740]}
2022-04-15 08:32:23.730486 +0530 IST m=+1.500037801 follower-2 updated store for key: abc as value: 15709 createdOn: 82
2022-04-15 08:32:23.7279223 +0530 IST m=+1.497474101 GET abc responded by follower-1 val: 15686 createdOn: 81
2022-04-15 08:32:23.7279223 +0530 IST m=+1.497474101 follower-1 got state query response from leader as &{[0xc00018d740]}
2022-04-15 08:32:23.7321009 +0530 IST m=+1.501652701 follower-1 updated store for key: abc as value: 15732 createdOn: 82
2022-04-15 08:32:23.7326138 +0530 IST m=+1.502165601 leader incList appended by key: abc value: 8 createdOn: 83
2022-04-15 08:32:23.7429196 +0530 IST m=+1.512471401 GET abc responded by follower-1 val: 15740 createdOn: 83
2022-04-15 08:32:23.7429196 +0530 IST m=+1.512471401 follower-3 got state query response from leader as &{[0xc00018d740 0xc000089758]}
2022-04-15 08:32:23.7464655 +0530 IST m=+1.516017301 follower-3 updated store for key: abc as value: 15763 createdOn: 82
2022-04-15 08:32:23.7470915 +0530 IST m=+1.516643301 follower-3 updated store for key: abc as value: 15771 createdOn: 83
2022-04-15 08:32:23.7429196 +0530 IST m=+1.512471401 follower-2 got state query response from leader as &{[0xc000089758]}
2022-04-15 08:32:23.7481246 +0530 IST m=+1.517676401 follower-2 updated store for key: abc as value: 15779 createdOn: 83
2022-04-15 08:32:23.7481246 +0530 IST m=+1.517676401 leader incList appended by key: abc value: 68 createdOn: 84
2022-04-15 08:32:23.7429196 +0530 IST m=+1.512471401 follower-1 got state query response from leader as &{[0xc000089758]}
2022-04-15 08:32:23.7496631 +0530 IST m=+1.519214901 follower-1 updated store for key: abc as value: 15855 createdOn: 83
2022-04-15 08:32:23.7581564 +0530 IST m=+1.527708201 GET abc responded by follower-1 val: 15855 createdOn: 83
2022-04-15 08:32:23.7582801 +0530 IST m=+1.527831901 follower-1 got state query response from leader as &{[0xc000089830]}
2022-04-15 08:32:23.7615915 +0530 IST m=+1.531143301 follower-1 updated store for key: abc as value: 15923 createdOn: 84
2022-04-15 08:32:23.7609986 +0530 IST m=+1.530550401 follower-2 got state query response from leader as &{[0xc000089830]}
2022-04-15 08:32:23.7626205 +0530 IST m=+1.532172301 follower-2 updated store for key: abc as value: 15991 createdOn: 84
2022-04-15 08:32:23.7631348 +0530 IST m=+1.532686601 leader incList appended by key: abc value: 10 createdOn: 85
2022-04-15 08:32:23.7637111 +0530 IST m=+1.533262901 follower-3 got state query response from leader as &{[0xc000089830 0xc000305da0]}
2022-04-15 08:32:23.7642295 +0530 IST m=+1.533781301 follower-3 updated store for key: abc as value: 16069 createdOn: 84
2022-04-15 08:32:23.7647433 +0530 IST m=+1.534295101 follower-3 updated store for key: abc as value: 16079 createdOn: 85
2022-04-15 08:32:23.7732999 +0530 IST m=+1.542851701 follower-2 got state query response from leader as &{[0xc000305da0]}
2022-04-15 08:32:23.7762871 +0530 IST m=+1.545838901 follower-2 updated store for key: abc as value: 16089 createdOn: 85
2022-04-15 08:32:23.7732999 +0530 IST m=+1.542851701 GET abc responded by follower-3 val: 16079 createdOn: 85
2022-04-15 08:32:23.7732999 +0530 IST m=+1.542851701 follower-1 got state query response from leader as &{[0xc000305da0]}
2022-04-15 08:32:23.7776362 +0530 IST m=+1.547188001 follower-1 updated store for key: abc as value: 16099 createdOn: 85
2022-04-15 08:32:23.7782023 +0530 IST m=+1.547754101 leader incList appended by key: abc value: 40 createdOn: 86
2022-04-15 08:32:23.7886646 +0530 IST m=+1.558216401 GET abc responded by follower-3 val: 16139 createdOn: 86
2022-04-15 08:32:23.7886646 +0530 IST m=+1.558216401 follower-3 got state query response from leader as &{[0xc0000898a8]}
2022-04-15 08:32:23.7886646 +0530 IST m=+1.558216401 follower-1 got state query response from leader as &{[0xc0000898a8]}
2022-04-15 08:32:23.7921751 +0530 IST m=+1.561726901 follower-1 updated store for key: abc as value: 16219 createdOn: 86
2022-04-15 08:32:23.7916106 +0530 IST m=+1.561162401 follower-3 updated store for key: abc as value: 16179 createdOn: 86
2022-04-15 08:32:23.7886646 +0530 IST m=+1.558216401 follower-2 got state query response from leader as &{[0xc0000898a8]}
2022-04-15 08:32:23.793741 +0530 IST m=+1.563292801 follower-2 updated store for key: abc as value: 16321 createdOn: 86
2022-04-15 08:32:23.7932283 +0530 IST m=+1.562780101 leader incList appended by key: abc value: 62 createdOn: 87
2022-04-15 08:32:23.8033662 +0530 IST m=+1.572918001 follower-1 got state query response from leader as &{[0xc000089908]}
2022-04-15 08:32:23.8058851 +0530 IST m=+1.575436901 follower-1 updated store for key: abc as value: 16383 createdOn: 87
2022-04-15 08:32:23.8034723 +0530 IST m=+1.573024101 GET abc responded by follower-2 val: 16321 createdOn: 86
2022-04-15 08:32:23.8058851 +0530 IST m=+1.575436901 follower-2 got state query response from leader as &{[0xc000089908]}
2022-04-15 08:32:23.8074521 +0530 IST m=+1.577003901 follower-2 updated store for key: abc as value: 16445 createdOn: 87
2022-04-15 08:32:23.8187266 +0530 IST m=+1.588278401 GET abc responded by follower-1 val: 16445 createdOn: 87
2022-04-15 08:32:23.8187735 +0530 IST m=+1.588325301 follower-3 got state query response from leader as &{[0xc000089908]}
2022-04-15 08:32:23.8187735 +0530 IST m=+1.588325301 leader incList appended by key: abc value: 71 createdOn: 88
2022-04-15 08:32:23.8213846 +0530 IST m=+1.590936401 follower-3 updated store for key: abc as value: 16578 createdOn: 87
2022-04-15 08:32:23.8339394 +0530 IST m=+1.603491201 leader incList appended by key: abc value: 39 createdOn: 89
2022-04-15 08:32:23.8363863 +0530 IST m=+1.605938101 follower-1 got state query response from leader as &{[0xc000089998 0xc0000899c8]}
2022-04-15 08:32:23.836996 +0530 IST m=+1.606547801 follower-1 updated store for key: abc as value: 16688 createdOn: 88
2022-04-15 08:32:23.8375622 +0530 IST m=+1.607114001 follower-1 updated store for key: abc as value: 16727 createdOn: 89
2022-04-15 08:32:23.8339394 +0530 IST m=+1.603491201 GET abc responded by follower-2 val: 16617 createdOn: 89
2022-04-15 08:32:23.8375622 +0530 IST m=+1.607114001 follower-3 got state query response from leader as &{[0xc000089998 0xc0000899c8]}
2022-04-15 08:32:23.8391473 +0530 IST m=+1.608699101 follower-3 updated store for key: abc as value: 16798 createdOn: 88
2022-04-15 08:32:23.8397058 +0530 IST m=+1.609257601 follower-3 updated store for key: abc as value: 16837 createdOn: 89
2022-04-15 08:32:23.8364534 +0530 IST m=+1.606005201 follower-2 got state query response from leader as &{[0xc000089998 0xc0000899c8]}
2022-04-15 08:32:23.8407341 +0530 IST m=+1.610285901 follower-2 updated store for key: abc as value: 16908 createdOn: 88
2022-04-15 08:32:23.8407341 +0530 IST m=+1.610285901 follower-2 updated store for key: abc as value: 16947 createdOn: 89
2022-04-15 08:32:23.8492861 +0530 IST m=+1.618837901 GET abc responded by follower-1 val: 16947 createdOn: 89
2022-04-15 08:32:23.8492861 +0530 IST m=+1.618837901 leader incList appended by key: abc value: 0 createdOn: 90
2022-04-15 08:32:23.8527133 +0530 IST m=+1.622265101 follower-2 got state query response from leader as &{[0xc0000044c8]}
2022-04-15 08:32:23.8532609 +0530 IST m=+1.622812701 follower-2 updated store for key: abc as value: 16947 createdOn: 90
2022-04-15 08:32:23.8647847 +0530 IST m=+1.634336501 follower-3 got state query response from leader as &{[0xc0000044c8]}
2022-04-15 08:32:23.8670488 +0530 IST m=+1.636600601 follower-3 updated store for key: abc as value: 16967 createdOn: 90
2022-04-15 08:32:23.8648474 +0530 IST m=+1.634399201 leader incList appended by key: abc value: 20 createdOn: 91
2022-04-15 08:32:23.8648474 +0530 IST m=+1.634399201 follower-1 got state query response from leader as &{[0xc0000044c8]}
2022-04-15 08:32:23.8688617 +0530 IST m=+1.638413501 follower-1 updated store for key: abc as value: 16967 createdOn: 90
2022-04-15 08:32:23.8648474 +0530 IST m=+1.634399201 GET abc responded by follower-1 val: 16947 createdOn: 90
2022-04-15 08:32:23.8800305 +0530 IST m=+1.649582301 GET abc responded by follower-1 val: 16967 createdOn: 90
2022-04-15 08:32:23.8800305 +0530 IST m=+1.649582301 follower-1 got state query response from leader as &{[0xc0000044f8]}
2022-04-15 08:32:23.8828484 +0530 IST m=+1.652400201 follower-1 updated store for key: abc as value: 17057 createdOn: 91
2022-04-15 08:32:23.8800305 +0530 IST m=+1.649582301 leader incList appended by key: abc value: 70 createdOn: 92
2022-04-15 08:32:23.8846874 +0530 IST m=+1.654239201 follower-3 got state query response from leader as &{[0xc0000044f8 0xc00018d980]}
2022-04-15 08:32:23.8852784 +0530 IST m=+1.654830201 follower-3 updated store for key: abc as value: 17077 createdOn: 91
2022-04-15 08:32:23.8857939 +0530 IST m=+1.655345701 follower-3 updated store for key: abc as value: 17147 createdOn: 92
2022-04-15 08:32:23.8800305 +0530 IST m=+1.649582301 follower-2 got state query response from leader as &{[0xc0000044f8]}
2022-04-15 08:32:23.8863076 +0530 IST m=+1.655859401 follower-2 updated store for key: abc as value: 17167 createdOn: 91
2022-04-15 08:32:23.8953513 +0530 IST m=+1.664903101 GET abc responded by follower-1 val: 17167 createdOn: 91
2022-04-15 08:32:23.8954621 +0530 IST m=+1.665013901 follower-1 got state query response from leader as &{[0xc00018d980]}
2022-04-15 08:32:23.8990684 +0530 IST m=+1.668620201 follower-1 updated store for key: abc as value: 17284 createdOn: 92
2022-04-15 08:32:23.8954621 +0530 IST m=+1.665013901 leader incList appended by key: abc value: 47 createdOn: 93
2022-04-15 08:32:23.9006505 +0530 IST m=+1.670202301 follower-2 got state query response from leader as &{[0xc00018d980 0xc000209c38]}
2022-04-15 08:32:23.9012533 +0530 IST m=+1.670805101 follower-2 updated store for key: abc as value: 17354 createdOn: 92
2022-04-15 08:32:23.901779 +0530 IST m=+1.671330801 follower-2 updated store for key: abc as value: 17401 createdOn: 93
2022-04-15 08:32:23.9022871 +0530 IST m=+1.671838901 follower-3 got state query response from leader as &{[0xc000209c38]}
2022-04-15 08:32:23.9025123 +0530 IST m=+1.672064101 follower-3 updated store for key: abc as value: 17448 createdOn: 93
2022-04-15 08:32:23.9106481 +0530 IST m=+1.680199901 GET abc responded by follower-3 val: 17458 createdOn: 94
2022-04-15 08:32:23.9106481 +0530 IST m=+1.680199901 leader incList appended by key: abc value: 10 createdOn: 94
2022-04-15 08:32:23.9143459 +0530 IST m=+1.683897701 follower-2 got state query response from leader as &{[0xc000209d58]}
2022-04-15 08:32:23.9143959 +0530 IST m=+1.683947701 follower-2 updated store for key: abc as value: 17468 createdOn: 94
2022-04-15 08:32:23.9143959 +0530 IST m=+1.683947701 follower-1 got state query response from leader as &{[0xc000209c38 0xc000209d58]}
2022-04-15 08:32:23.9154678 +0530 IST m=+1.685019601 follower-1 updated store for key: abc as value: 17515 createdOn: 93
2022-04-15 08:32:23.915985 +0530 IST m=+1.685536801 follower-1 updated store for key: abc as value: 17525 createdOn: 94
2022-04-15 08:32:23.9265238 +0530 IST m=+1.696075601 GET abc responded by follower-3 val: 17587 createdOn: 95
2022-04-15 08:32:23.9263999 +0530 IST m=+1.695951701 leader incList appended by key: abc value: 62 createdOn: 95
2022-04-15 08:32:23.9298383 +0530 IST m=+1.699390101 follower-3 got state query response from leader as &{[0xc000209d58 0xc000209e48]}
2022-04-15 08:32:23.9300715 +0530 IST m=+1.699623301 follower-3 updated store for key: abc as value: 17597 createdOn: 94
2022-04-15 08:32:23.9305891 +0530 IST m=+1.700140901 follower-3 updated store for key: abc as value: 17659 createdOn: 95
2022-04-15 08:32:23.9298383 +0530 IST m=+1.699390101 follower-1 got state query response from leader as &{[0xc000209e48]}
2022-04-15 08:32:23.9314011 +0530 IST m=+1.700952901 follower-1 updated store for key: abc as value: 17721 createdOn: 95
2022-04-15 08:32:23.9298383 +0530 IST m=+1.699390101 follower-2 got state query response from leader as &{[0xc000209e48]}
2022-04-15 08:32:23.9324747 +0530 IST m=+1.702026501 follower-2 updated store for key: abc as value: 17783 createdOn: 95
2022-04-15 08:32:23.9412253 +0530 IST m=+1.710777101 GET abc responded by follower-1 val: 17783 createdOn: 95
2022-04-15 08:32:23.9452415 +0530 IST m=+1.714793301 leader incList appended by key: abc value: 48 createdOn: 96
2022-04-15 08:32:23.9571869 +0530 IST m=+1.726738701 GET abc responded by follower-2 val: 17831 createdOn: 96
2022-04-15 08:32:23.9572687 +0530 IST m=+1.726820501 follower-3 got state query response from leader as &{[0xc00018d9f8]}
2022-04-15 08:32:23.9606624 +0530 IST m=+1.730214201 follower-3 updated store for key: abc as value: 17879 createdOn: 96
2022-04-15 08:32:23.9572687 +0530 IST m=+1.726820501 follower-1 got state query response from leader as &{[0xc00018d9f8]}
2022-04-15 08:32:23.96283 +0530 IST m=+1.732381801 follower-1 updated store for key: abc as value: 18022 createdOn: 96
2022-04-15 08:32:23.9572687 +0530 IST m=+1.726820501 follower-2 got state query response from leader as &{[0xc00018d9f8]}
2022-04-15 08:32:23.9644102 +0530 IST m=+1.733962001 follower-2 updated store for key: abc as value: 18070 createdOn: 96
2022-04-15 08:32:23.9606624 +0530 IST m=+1.730214201 leader incList appended by key: abc value: 95 createdOn: 97
2022-04-15 08:32:23.9725125 +0530 IST m=+1.742064301 GET abc responded by follower-1 val: 18070 createdOn: 96
2022-04-15 08:32:23.9752177 +0530 IST m=+1.744769501 follower-2 got state query response from leader as &{[0xc000209f08]}
2022-04-15 08:32:23.9757285 +0530 IST m=+1.745280301 follower-2 updated store for key: abc as value: 18165 createdOn: 97
2022-04-15 08:32:23.9757285 +0530 IST m=+1.745280301 leader incList appended by key: abc value: 0 createdOn: 98
2022-04-15 08:32:23.9725125 +0530 IST m=+1.742064301 follower-1 got state query response from leader as &{[0xc000209f08]}
2022-04-15 08:32:23.9773573 +0530 IST m=+1.746909101 follower-1 updated store for key: abc as value: 18260 createdOn: 97
2022-04-15 08:32:23.9767983 +0530 IST m=+1.746350101 follower-3 got state query response from leader as &{[0xc000209f08 0xc000004738]}
2022-04-15 08:32:23.9784475 +0530 IST m=+1.747999301 follower-3 updated store for key: abc as value: 18355 createdOn: 97
2022-04-15 08:32:23.9789627 +0530 IST m=+1.748514501 follower-3 updated store for key: abc as value: 18355 createdOn: 98
2022-04-15 08:32:23.9879859 +0530 IST m=+1.757537701 follower-1 got state query response from leader as &{[0xc000004738]}
2022-04-15 08:32:23.9880366 +0530 IST m=+1.757588401 follower-2 got state query response from leader as &{[0xc000004738]}
2022-04-15 08:32:23.9913627 +0530 IST m=+1.760914501 follower-2 updated store for key: abc as value: 18411 createdOn: 98
2022-04-15 08:32:23.9913627 +0530 IST m=+1.760914501 leader incList appended by key: abc value: 56 createdOn: 99
2022-04-15 08:32:23.9913627 +0530 IST m=+1.760914501 follower-1 updated store for key: abc as value: 18355 createdOn: 98
2022-04-15 08:32:24.0032039 +0530 IST m=+1.772755701 follower-2 got state query response from leader as &{[0xc00018dba8]}
2022-04-15 08:32:24.0060368 +0530 IST m=+1.775588601 follower-2 updated store for key: abc as value: 18467 createdOn: 99
2022-04-15 08:32:24.0032039 +0530 IST m=+1.772755701 follower-1 got state query response from leader as &{[0xc00018dba8]}
2022-04-15 08:32:24.0072888 +0530 IST m=+1.776840601 follower-1 updated store for key: abc as value: 18552 createdOn: 99
2022-04-15 08:32:24.0067016 +0530 IST m=+1.776253401 leader incList appended by key: abc value: 29 createdOn: 100
2022-04-15 08:32:24.0032039 +0530 IST m=+1.772755701 follower-3 got state query response from leader as &{[0xc00018dba8]}
2022-04-15 08:32:24.008472 +0530 IST m=+1.778023801 follower-3 updated store for key: abc as value: 18608 createdOn: 99
2022-04-15 08:32:24.018525 +0530 IST m=+1.788076801 follower-1 got state query response from leader as &{[0xc00018dbf0]}
2022-04-15 08:32:24.0206087 +0530 IST m=+1.790160501 follower-1 updated store for key: abc as value: 18637 createdOn: 100
2022-04-15 08:32:24.0185857 +0530 IST m=+1.788137501 follower-2 got state query response from leader as &{[0xc00018dbf0]}
2022-04-15 08:32:24.0225156 +0530 IST m=+1.792067401 follower-2 updated store for key: abc as value: 18758 createdOn: 100
2022-04-15 08:32:24.0220071 +0530 IST m=+1.791558901 leader incList appended by key: abc value: 92 createdOn: 101
2022-04-15 08:32:24.0338131 +0530 IST m=+1.803364901 follower-1 got state query response from leader as &{[0xc0002300c0]}
2022-04-15 08:32:24.036675 +0530 IST m=+1.806226801 follower-1 updated store for key: abc as value: 18850 createdOn: 101
2022-04-15 08:32:24.0338131 +0530 IST m=+1.803364901 follower-2 got state query response from leader as &{[0xc0002300c0]}
2022-04-15 08:32:24.0378435 +0530 IST m=+1.807395301 follower-2 updated store for key: abc as value: 18973 createdOn: 101
2022-04-15 08:32:24.0373063 +0530 IST m=+1.806858101 leader incList appended by key: abc value: 31 createdOn: 102
2022-04-15 08:32:24.0338131 +0530 IST m=+1.803364901 follower-3 got state query response from leader as &{[0xc00018dbf0 0xc0002300c0]}
2022-04-15 08:32:24.0389895 +0530 IST m=+1.808541301 follower-3 updated store for key: abc as value: 19002 createdOn: 100
2022-04-15 08:32:24.0400507 +0530 IST m=+1.809602501 follower-3 updated store for key: abc as value: 19094 createdOn: 101
2022-04-15 08:32:24.0493046 +0530 IST m=+1.818856401 follower-2 got state query response from leader as &{[0xc00018dcb0]}
2022-04-15 08:32:24.0526551 +0530 IST m=+1.822206901 follower-2 updated store for key: abc as value: 19125 createdOn: 102
2022-04-15 08:32:24.0526551 +0530 IST m=+1.822206901 leader incList appended by key: abc value: 77 createdOn: 103
2022-04-15 08:32:24.0493046 +0530 IST m=+1.818856401 follower-1 got state query response from leader as &{[0xc00018dcb0]}
2022-04-15 08:32:24.0542324 +0530 IST m=+1.823784201 follower-1 updated store for key: abc as value: 19233 createdOn: 102
2022-04-15 08:32:24.0652472 +0530 IST m=+1.834799001 follower-2 got state query response from leader as &{[0xc00018dd28]}
2022-04-15 08:32:24.0680033 +0530 IST m=+1.837555101 follower-2 updated store for key: abc as value: 19310 createdOn: 103
2022-04-15 08:32:24.0652472 +0530 IST m=+1.834799001 follower-1 got state query response from leader as &{[0xc00018dd28]}
2022-04-15 08:32:24.0694511 +0530 IST m=+1.839002901 follower-1 updated store for key: abc as value: 19473 createdOn: 103
2022-04-15 08:32:24.0681597 +0530 IST m=+1.837711501 leader incList appended by key: abc value: 86 createdOn: 104
2022-04-15 08:32:24.0652472 +0530 IST m=+1.834799001 follower-3 got state query response from leader as &{[0xc00018dcb0 0xc00018dd28]}
2022-04-15 08:32:24.0709065 +0530 IST m=+1.840458301 follower-3 updated store for key: abc as value: 19504 createdOn: 102
2022-04-15 08:32:24.071321 +0530 IST m=+1.840872801 follower-3 updated store for key: abc as value: 19581 createdOn: 103
2022-04-15 08:32:24.0805541 +0530 IST m=+1.850105901 follower-2 got state query response from leader as &{[0xc000089b78]}
2022-04-15 08:32:24.0806764 +0530 IST m=+1.850228201 follower-1 got state query response from leader as &{[0xc000089b78]}
2022-04-15 08:32:24.0842689 +0530 IST m=+1.853820701 leader incList appended by key: abc value: 20 createdOn: 105
2022-04-15 08:32:24.0842689 +0530 IST m=+1.853820701 follower-2 updated store for key: abc as value: 19687 createdOn: 104
2022-04-15 08:32:24.084787 +0530 IST m=+1.854338801 follower-1 updated store for key: abc as value: 19773 createdOn: 104
2022-04-15 08:32:24.0960378 +0530 IST m=+1.865589601 follower-2 got state query response from leader as &{[0xc000089ba8]}
2022-04-15 08:32:24.0960378 +0530 IST m=+1.865589601 follower-1 got state query response from leader as &{[0xc000089ba8]}
2022-04-15 08:32:24.0960378 +0530 IST m=+1.865589601 follower-3 got state query response from leader as &{[0xc000089b78 0xc000089ba8]}
2022-04-15 08:32:24.100228 +0530 IST m=+1.869779801 follower-3 updated store for key: abc as value: 19899 createdOn: 104
2022-04-15 08:32:24.1007761 +0530 IST m=+1.870327901 follower-3 updated store for key: abc as value: 20018 createdOn: 105
2022-04-15 08:32:24.0987508 +0530 IST m=+1.868302601 follower-2 updated store for key: abc as value: 19793 createdOn: 105
2022-04-15 08:32:24.100228 +0530 IST m=+1.869779801 leader incList appended by key: abc value: 99 createdOn: 106
2022-04-15 08:32:24.0991266 +0530 IST m=+1.868678401 follower-1 updated store for key: abc as value: 19813 createdOn: 105
2022-04-15 08:32:24.111217 +0530 IST m=+1.880768801 follower-1 got state query response from leader as &{[0xc000230180]}
2022-04-15 08:32:24.1146994 +0530 IST m=+1.884251201 follower-1 updated store for key: abc as value: 20117 createdOn: 106
2022-04-15 08:32:24.1157982 +0530 IST m=+1.885350001 follower-2 got state query response from leader as &{[0xc000230180]}
2022-04-15 08:32:24.1163167 +0530 IST m=+1.885868501 follower-2 updated store for key: abc as value: 20278 createdOn: 106
2022-04-15 08:32:24.1157982 +0530 IST m=+1.885350001 leader incList appended by key: abc value: 62 createdOn: 107
2022-04-15 08:32:24.1168338 +0530 IST m=+1.886385601 follower-3 got state query response from leader as &{[0xc000230180 0xc00018de78]}
2022-04-15 08:32:24.1173509 +0530 IST m=+1.886902701 follower-3 updated store for key: abc as value: 20377 createdOn: 106
2022-04-15 08:32:24.1178949 +0530 IST m=+1.887446701 follower-3 updated store for key: abc as value: 20439 createdOn: 107
2022-04-15 08:32:24.1265046 +0530 IST m=+1.896056401 follower-2 got state query response from leader as &{[0xc00018de78]}
2022-04-15 08:32:24.1265046 +0530 IST m=+1.896056401 follower-1 got state query response from leader as &{[0xc00018de78]}
2022-04-15 08:32:24.1294293 +0530 IST m=+1.898981101 follower-1 updated store for key: abc as value: 20563 createdOn: 107
2022-04-15 08:32:24.1294293 +0530 IST m=+1.898981101 follower-2 updated store for key: abc as value: 20501 createdOn: 107
exit status 0xc000013a